{"/home/jakunzler/Documents/GitHub/mundo_precisa_pai/sistemas/web/src/App.js": {"path":"/home/jakunzler/Documents/GitHub/mundo_precisa_pai/sistemas/web/src/App.js","statementMap":{"0":{"start":{"line":14,"column":2},"end":{"line":38,"column":4}}},"fnMap":{"0":{"name":"App","decl":{"start":{"line":13,"column":9},"end":{"line":13,"column":12}},"loc":{"start":{"line":13,"column":15},"end":{"line":39,"column":1}},"line":13}},"branchMap":{},"s":{"0":2},"f":{"0":2},"b":{},"_coverageSchema":"1a1c01bbd47fc00a2c39e90264f33305004495a9","hash":"f4a7696e9554721e86fab1e31016e01cc626e5f3"}
,"/home/jakunzler/Documents/GitHub/mundo_precisa_pai/sistemas/web/src/index.js": {"path":"/home/jakunzler/Documents/GitHub/mundo_precisa_pai/sistemas/web/src/index.js","statementMap":{"0":{"start":{"line":9,"column":13},"end":{"line":9,"column":65}},"1":{"start":{"line":11,"column":0},"end":{"line":32,"column":2}}},"fnMap":{},"branchMap":{},"s":{"0":0,"1":0},"f":{},"b":{}}
,"/home/jakunzler/Documents/GitHub/mundo_precisa_pai/sistemas/web/src/components/Footer.js": {"path":"/home/jakunzler/Documents/GitHub/mundo_precisa_pai/sistemas/web/src/components/Footer.js","statementMap":{"0":{"start":{"line":16,"column":24},"end":{"line":24,"column":1}},"1":{"start":{"line":26,"column":22},"end":{"line":33,"column":1}},"2":{"start":{"line":35,"column":22},"end":{"line":47,"column":1}},"3":{"start":{"line":49,"column":20},"end":{"line":66,"column":1}},"4":{"start":{"line":68,"column":20},"end":{"line":80,"column":1}},"5":{"start":{"line":82,"column":20},"end":{"line":86,"column":1}},"6":{"start":{"line":88,"column":19},"end":{"line":104,"column":1}},"7":{"start":{"line":106,"column":21},"end":{"line":112,"column":1}},"8":{"start":{"line":114,"column":13},"end":{"line":129,"column":1}},"9":{"start":{"line":131,"column":15},"end":{"line":213,"column":1}},"10":{"start":{"line":132,"column":22},"end":{"line":132,"column":46}},"11":{"start":{"line":134,"column":2},"end":{"line":212,"column":4}}},"fnMap":{"0":{"name":"(anonymous_0)","decl":{"start":{"line":131,"column":15},"end":{"line":131,"column":16}},"loc":{"start":{"line":131,"column":21},"end":{"line":213,"column":1}},"line":131}},"branchMap":{},"s":{"0":0,"1":0,"2":0,"3":0,"4":0,"5":0,"6":0,"7":0,"8":0,"9":0,"10":0,"11":0},"f":{"0":0},"b":{}}
,"/home/jakunzler/Documents/GitHub/mundo_precisa_pai/sistemas/web/src/components/Header.js": {"path":"/home/jakunzler/Documents/GitHub/mundo_precisa_pai/sistemas/web/src/components/Header.js","statementMap":{"0":{"start":{"line":7,"column":22},"end":{"line":7,"column":24}},"1":{"start":{"line":9,"column":24},"end":{"line":23,"column":1}},"2":{"start":{"line":17,"column":4},"end":{"line":17,"column":70}},"3":{"start":{"line":22,"column":4},"end":{"line":22,"column":57}},"4":{"start":{"line":25,"column":12},"end":{"line":37,"column":1}},"5":{"start":{"line":39,"column":13},"end":{"line":59,"column":1}},"6":{"start":{"line":61,"column":17},"end":{"line":69,"column":1}},"7":{"start":{"line":71,"column":16},"end":{"line":97,"column":1}},"8":{"start":{"line":73,"column":28},"end":{"line":73,"column":59}},"9":{"start":{"line":88,"column":30},"end":{"line":88,"column":52}},"10":{"start":{"line":99,"column":25},"end":{"line":110,"column":1}},"11":{"start":{"line":112,"column":19},"end":{"line":126,"column":1}},"12":{"start":{"line":128,"column":22},"end":{"line":139,"column":1}},"13":{"start":{"line":141,"column":20},"end":{"line":150,"column":1}},"14":{"start":{"line":152,"column":18},"end":{"line":170,"column":1}},"15":{"start":{"line":172,"column":15},"end":{"line":263,"column":1}},"16":{"start":{"line":173,"column":38},"end":{"line":173,"column":53}},"17":{"start":{"line":174,"column":50},"end":{"line":174,"column":65}},"18":{"start":{"line":175,"column":19},"end":{"line":175,"column":32}},"19":{"start":{"line":177,"column":2},"end":{"line":184,"column":9}},"20":{"start":{"line":178,"column":25},"end":{"line":180,"column":5}},"21":{"start":{"line":179,"column":6},"end":{"line":179,"column":41}},"22":{"start":{"line":182,"column":4},"end":{"line":182,"column":52}},"23":{"start":{"line":183,"column":4},"end":{"line":183,"column":68}},"24":{"start":{"line":183,"column":17},"end":{"line":183,"column":67}},"25":{"start":{"line":186,"column":19},"end":{"line":191,"column":3}},"26":{"start":{"line":193,"column":19},"end":{"line":193,"column":55}},"27":{"start":{"line":193,"column":29},"end":{"line":193,"column":55}},"28":{"start":{"line":195,"column":2},"end":{"line":262,"column":4}},"29":{"start":{"line":205,"column":12},"end":{"line":211,"column":22}},"30":{"start":{"line":219,"column":25},"end":{"line":219,"column":50}},"31":{"start":{"line":235,"column":29},"end":{"line":235,"column":55}},"32":{"start":{"line":242,"column":36},"end":{"line":242,"column":45}},"33":{"start":{"line":243,"column":14},"end":{"line":252,"column":16}},"34":{"start":{"line":247,"column":33},"end":{"line":247,"column":59}},"35":{"start":{"line":255,"column":56},"end":{"line":255,"column":82}}},"fnMap":{"0":{"name":"(anonymous_0)","decl":{"start":{"line":16,"column":16},"end":{"line":16,"column":17}},"loc":{"start":{"line":17,"column":4},"end":{"line":17,"column":70}},"line":17},"1":{"name":"(anonymous_1)","decl":{"start":{"line":21,"column":16},"end":{"line":21,"column":17}},"loc":{"start":{"line":22,"column":4},"end":{"line":22,"column":57}},"line":22},"2":{"name":"(anonymous_2)","decl":{"start":{"line":73,"column":11},"end":{"line":73,"column":12}},"loc":{"start":{"line":73,"column":28},"end":{"line":73,"column":59}},"line":73},"3":{"name":"(anonymous_3)","decl":{"start":{"line":88,"column":13},"end":{"line":88,"column":14}},"loc":{"start":{"line":88,"column":30},"end":{"line":88,"column":52}},"line":88},"4":{"name":"(anonymous_4)","decl":{"start":{"line":172,"column":15},"end":{"line":172,"column":16}},"loc":{"start":{"line":172,"column":21},"end":{"line":263,"column":1}},"line":172},"5":{"name":"(anonymous_5)","decl":{"start":{"line":177,"column":12},"end":{"line":177,"column":13}},"loc":{"start":{"line":177,"column":18},"end":{"line":184,"column":3}},"line":177},"6":{"name":"(anonymous_6)","decl":{"start":{"line":178,"column":25},"end":{"line":178,"column":26}},"loc":{"start":{"line":178,"column":31},"end":{"line":180,"column":5}},"line":178},"7":{"name":"(anonymous_7)","decl":{"start":{"line":183,"column":11},"end":{"line":183,"column":12}},"loc":{"start":{"line":183,"column":17},"end":{"line":183,"column":67}},"line":183},"8":{"name":"(anonymous_8)","decl":{"start":{"line":193,"column":19},"end":{"line":193,"column":20}},"loc":{"start":{"line":193,"column":29},"end":{"line":193,"column":55}},"line":193},"9":{"name":"(anonymous_9)","decl":{"start":{"line":204,"column":24},"end":{"line":204,"column":25}},"loc":{"start":{"line":205,"column":12},"end":{"line":211,"column":22}},"line":205},"10":{"name":"(anonymous_10)","decl":{"start":{"line":219,"column":19},"end":{"line":219,"column":20}},"loc":{"start":{"line":219,"column":25},"end":{"line":219,"column":50}},"line":219},"11":{"name":"(anonymous_11)","decl":{"start":{"line":235,"column":23},"end":{"line":235,"column":24}},"loc":{"start":{"line":235,"column":29},"end":{"line":235,"column":55}},"line":235},"12":{"name":"(anonymous_12)","decl":{"start":{"line":241,"column":26},"end":{"line":241,"column":27}},"loc":{"start":{"line":241,"column":36},"end":{"line":253,"column":13}},"line":241},"13":{"name":"(anonymous_13)","decl":{"start":{"line":247,"column":27},"end":{"line":247,"column":28}},"loc":{"start":{"line":247,"column":33},"end":{"line":247,"column":59}},"line":247},"14":{"name":"(anonymous_14)","decl":{"start":{"line":255,"column":50},"end":{"line":255,"column":51}},"loc":{"start":{"line":255,"column":56},"end":{"line":255,"column":82}},"line":255}},"branchMap":{"0":{"loc":{"start":{"line":17,"column":4},"end":{"line":17,"column":70}},"type":"cond-expr","locations":[{"start":{"line":17,"column":16},"end":{"line":17,"column":43}},{"start":{"line":17,"column":46},"end":{"line":17,"column":70}}],"line":17},"1":{"loc":{"start":{"line":22,"column":4},"end":{"line":22,"column":57}},"type":"cond-expr","locations":[{"start":{"line":22,"column":16},"end":{"line":22,"column":48}},{"start":{"line":22,"column":51},"end":{"line":22,"column":57}}],"line":22},"2":{"loc":{"start":{"line":73,"column":28},"end":{"line":73,"column":59}},"type":"cond-expr","locations":[{"start":{"line":73,"column":38},"end":{"line":73,"column":47}},{"start":{"line":73,"column":50},"end":{"line":73,"column":59}}],"line":73},"3":{"loc":{"start":{"line":88,"column":30},"end":{"line":88,"column":52}},"type":"cond-expr","locations":[{"start":{"line":88,"column":40},"end":{"line":88,"column":46}},{"start":{"line":88,"column":49},"end":{"line":88,"column":52}}],"line":88},"4":{"loc":{"start":{"line":227,"column":9},"end":{"line":259,"column":9}},"type":"binary-expr","locations":[{"start":{"line":227,"column":9},"end":{"line":227,"column":25}},{"start":{"line":228,"column":10},"end":{"line":258,"column":23}}],"line":227}},"s":{"0":0,"1":0,"2":0,"3":0,"4":0,"5":0,"6":0,"7":0,"8":0,"9":0,"10":0,"11":0,"12":0,"13":0,"14":0,"15":0,"16":0,"17":0,"18":0,"19":0,"20":0,"21":0,"22":0,"23":0,"24":0,"25":0,"26":0,"27":0,"28":0,"29":0,"30":0,"31":0,"32":0,"33":0,"34":0,"35":0},"f":{"0":0,"1":0,"2":0,"3":0,"4":0,"5":0,"6":0,"7":0,"8":0,"9":0,"10":0,"11":0,"12":0,"13":0,"14":0},"b":{"0":[0,0],"1":[0,0],"2":[0,0],"3":[0,0],"4":[0,0]}}
,"/home/jakunzler/Documents/GitHub/mundo_precisa_pai/sistemas/web/src/components/ScrollToTop.js": {"path":"/home/jakunzler/Documents/GitHub/mundo_precisa_pai/sistemas/web/src/components/ScrollToTop.js","statementMap":{"0":{"start":{"line":4,"column":20},"end":{"line":12,"column":1}},"1":{"start":{"line":5,"column":23},"end":{"line":5,"column":36}},"2":{"start":{"line":7,"column":2},"end":{"line":9,"column":17}},"3":{"start":{"line":8,"column":4},"end":{"line":8,"column":26}},"4":{"start":{"line":11,"column":2},"end":{"line":11,"column":14}}},"fnMap":{"0":{"name":"(anonymous_0)","decl":{"start":{"line":4,"column":20},"end":{"line":4,"column":21}},"loc":{"start":{"line":4,"column":26},"end":{"line":12,"column":1}},"line":4},"1":{"name":"(anonymous_1)","decl":{"start":{"line":7,"column":12},"end":{"line":7,"column":13}},"loc":{"start":{"line":7,"column":18},"end":{"line":9,"column":3}},"line":7}},"branchMap":{},"s":{"0":1,"1":2,"2":2,"3":2,"4":2},"f":{"0":2,"1":2},"b":{},"_coverageSchema":"1a1c01bbd47fc00a2c39e90264f33305004495a9","hash":"0cf3406ef4315d8c89defec939d80c789c3233a1"}
,"/home/jakunzler/Documents/GitHub/mundo_precisa_pai/sistemas/web/src/pages/About.js": {"path":"/home/jakunzler/Documents/GitHub/mundo_precisa_pai/sistemas/web/src/pages/About.js","statementMap":{"0":{"start":{"line":15,"column":23},"end":{"line":17,"column":1}},"1":{"start":{"line":19,"column":16},"end":{"line":27,"column":1}},"2":{"start":{"line":29,"column":20},"end":{"line":46,"column":1}},"3":{"start":{"line":48,"column":21},"end":{"line":52,"column":1}},"4":{"start":{"line":54,"column":24},"end":{"line":60,"column":1}},"5":{"start":{"line":62,"column":20},"end":{"line":72,"column":1}},"6":{"start":{"line":74,"column":20},"end":{"line":94,"column":1}},"7":{"start":{"line":96,"column":21},"end":{"line":106,"column":1}},"8":{"start":{"line":108,"column":19},"end":{"line":113,"column":1}},"9":{"start":{"line":115,"column":18},"end":{"line":143,"column":1}},"10":{"start":{"line":145,"column":20},"end":{"line":147,"column":1}},"11":{"start":{"line":149,"column":17},"end":{"line":153,"column":1}},"12":{"start":{"line":155,"column":17},"end":{"line":190,"column":1}},"13":{"start":{"line":192,"column":24},"end":{"line":194,"column":1}},"14":{"start":{"line":196,"column":17},"end":{"line":215,"column":1}},"15":{"start":{"line":217,"column":21},"end":{"line":259,"column":1}},"16":{"start":{"line":261,"column":24},"end":{"line":288,"column":1}},"17":{"start":{"line":290,"column":14},"end":{"line":531,"column":1}},"18":{"start":{"line":291,"column":24},"end":{"line":294,"column":4}},"19":{"start":{"line":296,"column":17},"end":{"line":317,"column":3}},"20":{"start":{"line":319,"column":15},"end":{"line":335,"column":3}},"21":{"start":{"line":337,"column":19},"end":{"line":363,"column":3}},"22":{"start":{"line":365,"column":2},"end":{"line":530,"column":4}},"23":{"start":{"line":438,"column":14},"end":{"line":447,"column":26}},"24":{"start":{"line":474,"column":14},"end":{"line":486,"column":25}},"25":{"start":{"line":513,"column":14},"end":{"line":524,"column":29}}},"fnMap":{"0":{"name":"(anonymous_0)","decl":{"start":{"line":290,"column":14},"end":{"line":290,"column":15}},"loc":{"start":{"line":290,"column":20},"end":{"line":531,"column":1}},"line":290},"1":{"name":"(anonymous_1)","decl":{"start":{"line":437,"column":24},"end":{"line":437,"column":25}},"loc":{"start":{"line":438,"column":14},"end":{"line":447,"column":26}},"line":438},"2":{"name":"(anonymous_2)","decl":{"start":{"line":473,"column":22},"end":{"line":473,"column":23}},"loc":{"start":{"line":474,"column":14},"end":{"line":486,"column":25}},"line":474},"3":{"name":"(anonymous_3)","decl":{"start":{"line":512,"column":26},"end":{"line":512,"column":27}},"loc":{"start":{"line":513,"column":14},"end":{"line":524,"column":29}},"line":513}},"branchMap":{"0":{"loc":{"start":{"line":394,"column":21},"end":{"line":394,"column":55}},"type":"cond-expr","locations":[{"start":{"line":394,"column":30},"end":{"line":394,"column":50}},{"start":{"line":394,"column":53},"end":{"line":394,"column":55}}],"line":394},"1":{"loc":{"start":{"line":434,"column":21},"end":{"line":434,"column":55}},"type":"cond-expr","locations":[{"start":{"line":434,"column":30},"end":{"line":434,"column":50}},{"start":{"line":434,"column":53},"end":{"line":434,"column":55}}],"line":434},"2":{"loc":{"start":{"line":441,"column":25},"end":{"line":441,"column":59}},"type":"cond-expr","locations":[{"start":{"line":441,"column":34},"end":{"line":441,"column":54}},{"start":{"line":441,"column":57},"end":{"line":441,"column":59}}],"line":441},"3":{"loc":{"start":{"line":470,"column":21},"end":{"line":470,"column":55}},"type":"cond-expr","locations":[{"start":{"line":470,"column":30},"end":{"line":470,"column":50}},{"start":{"line":470,"column":53},"end":{"line":470,"column":55}}],"line":470},"4":{"loc":{"start":{"line":477,"column":25},"end":{"line":477,"column":59}},"type":"cond-expr","locations":[{"start":{"line":477,"column":34},"end":{"line":477,"column":54}},{"start":{"line":477,"column":57},"end":{"line":477,"column":59}}],"line":477},"5":{"loc":{"start":{"line":509,"column":21},"end":{"line":509,"column":55}},"type":"cond-expr","locations":[{"start":{"line":509,"column":30},"end":{"line":509,"column":50}},{"start":{"line":509,"column":53},"end":{"line":509,"column":55}}],"line":509},"6":{"loc":{"start":{"line":515,"column":42},"end":{"line":515,"column":68}},"type":"cond-expr","locations":[{"start":{"line":515,"column":60},"end":{"line":515,"column":63}},{"start":{"line":515,"column":66},"end":{"line":515,"column":68}}],"line":515},"7":{"loc":{"start":{"line":516,"column":25},"end":{"line":516,"column":59}},"type":"cond-expr","locations":[{"start":{"line":516,"column":34},"end":{"line":516,"column":54}},{"start":{"line":516,"column":57},"end":{"line":516,"column":59}}],"line":516}},"s":{"0":0,"1":0,"2":0,"3":0,"4":0,"5":0,"6":0,"7":0,"8":0,"9":0,"10":0,"11":0,"12":0,"13":0,"14":0,"15":0,"16":0,"17":0,"18":0,"19":0,"20":0,"21":0,"22":0,"23":0,"24":0,"25":0},"f":{"0":0,"1":0,"2":0,"3":0},"b":{"0":[0,0],"1":[0,0],"2":[0,0],"3":[0,0],"4":[0,0],"5":[0,0],"6":[0,0],"7":[0,0]}}
,"/home/jakunzler/Documents/GitHub/mundo_precisa_pai/sistemas/web/src/pages/Cowork.js": {"path":"/home/jakunzler/Documents/GitHub/mundo_precisa_pai/sistemas/web/src/pages/Cowork.js","statementMap":{"0":{"start":{"line":17,"column":24},"end":{"line":19,"column":1}},"1":{"start":{"line":21,"column":16},"end":{"line":29,"column":1}},"2":{"start":{"line":31,"column":20},"end":{"line":48,"column":1}},"3":{"start":{"line":50,"column":21},"end":{"line":54,"column":1}},"4":{"start":{"line":56,"column":24},"end":{"line":62,"column":1}},"5":{"start":{"line":64,"column":26},"end":{"line":69,"column":1}},"6":{"start":{"line":71,"column":24},"end":{"line":99,"column":1}},"7":{"start":{"line":101,"column":25},"end":{"line":105,"column":1}},"8":{"start":{"line":107,"column":24},"end":{"line":119,"column":1}},"9":{"start":{"line":121,"column":20},"end":{"line":138,"column":1}},"10":{"start":{"line":140,"column":27},"end":{"line":142,"column":1}},"11":{"start":{"line":144,"column":24},"end":{"line":148,"column":1}},"12":{"start":{"line":150,"column":24},"end":{"line":173,"column":1}},"13":{"start":{"line":175,"column":23},"end":{"line":178,"column":1}},"14":{"start":{"line":180,"column":20},"end":{"line":185,"column":1}},"15":{"start":{"line":187,"column":18},"end":{"line":191,"column":1}},"16":{"start":{"line":193,"column":14},"end":{"line":196,"column":1}},"17":{"start":{"line":198,"column":14},"end":{"line":209,"column":1}},"18":{"start":{"line":211,"column":15},"end":{"line":222,"column":1}},"19":{"start":{"line":224,"column":17},"end":{"line":237,"column":1}},"20":{"start":{"line":239,"column":21},"end":{"line":253,"column":1}},"21":{"start":{"line":255,"column":15},"end":{"line":508,"column":1}},"22":{"start":{"line":256,"column":24},"end":{"line":259,"column":4}},"23":{"start":{"line":261,"column":24},"end":{"line":306,"column":3}},"24":{"start":{"line":308,"column":23},"end":{"line":324,"column":3}},"25":{"start":{"line":326,"column":23},"end":{"line":330,"column":3}},"26":{"start":{"line":327,"column":4},"end":{"line":327,"column":23}},"27":{"start":{"line":329,"column":4},"end":{"line":329,"column":38}},"28":{"start":{"line":332,"column":2},"end":{"line":507,"column":4}},"29":{"start":{"line":381,"column":14},"end":{"line":405,"column":32}},"30":{"start":{"line":392,"column":20},"end":{"line":395,"column":38}},"31":{"start":{"line":432,"column":14},"end":{"line":441,"column":32}}},"fnMap":{"0":{"name":"(anonymous_0)","decl":{"start":{"line":255,"column":15},"end":{"line":255,"column":16}},"loc":{"start":{"line":255,"column":21},"end":{"line":508,"column":1}},"line":255},"1":{"name":"(anonymous_1)","decl":{"start":{"line":326,"column":23},"end":{"line":326,"column":24}},"loc":{"start":{"line":326,"column":30},"end":{"line":330,"column":3}},"line":326},"2":{"name":"(anonymous_2)","decl":{"start":{"line":380,"column":31},"end":{"line":380,"column":32}},"loc":{"start":{"line":381,"column":14},"end":{"line":405,"column":32}},"line":381},"3":{"name":"(anonymous_3)","decl":{"start":{"line":391,"column":48},"end":{"line":391,"column":49}},"loc":{"start":{"line":392,"column":20},"end":{"line":395,"column":38}},"line":392},"4":{"name":"(anonymous_4)","decl":{"start":{"line":431,"column":30},"end":{"line":431,"column":31}},"loc":{"start":{"line":432,"column":14},"end":{"line":441,"column":32}},"line":432}},"branchMap":{"0":{"loc":{"start":{"line":377,"column":21},"end":{"line":377,"column":55}},"type":"cond-expr","locations":[{"start":{"line":377,"column":30},"end":{"line":377,"column":50}},{"start":{"line":377,"column":53},"end":{"line":377,"column":55}}],"line":377},"1":{"loc":{"start":{"line":384,"column":25},"end":{"line":384,"column":59}},"type":"cond-expr","locations":[{"start":{"line":384,"column":34},"end":{"line":384,"column":54}},{"start":{"line":384,"column":57},"end":{"line":384,"column":59}}],"line":384},"2":{"loc":{"start":{"line":428,"column":21},"end":{"line":428,"column":55}},"type":"cond-expr","locations":[{"start":{"line":428,"column":30},"end":{"line":428,"column":50}},{"start":{"line":428,"column":53},"end":{"line":428,"column":55}}],"line":428},"3":{"loc":{"start":{"line":435,"column":25},"end":{"line":435,"column":59}},"type":"cond-expr","locations":[{"start":{"line":435,"column":34},"end":{"line":435,"column":54}},{"start":{"line":435,"column":57},"end":{"line":435,"column":59}}],"line":435},"4":{"loc":{"start":{"line":465,"column":21},"end":{"line":465,"column":55}},"type":"cond-expr","locations":[{"start":{"line":465,"column":30},"end":{"line":465,"column":50}},{"start":{"line":465,"column":53},"end":{"line":465,"column":55}}],"line":465}},"s":{"0":0,"1":0,"2":0,"3":0,"4":0,"5":0,"6":0,"7":0,"8":0,"9":0,"10":0,"11":0,"12":0,"13":0,"14":0,"15":0,"16":0,"17":0,"18":0,"19":0,"20":0,"21":0,"22":0,"23":0,"24":0,"25":0,"26":0,"27":0,"28":0,"29":0,"30":0,"31":0},"f":{"0":0,"1":0,"2":0,"3":0,"4":0},"b":{"0":[0,0],"1":[0,0],"2":[0,0],"3":[0,0],"4":[0,0]}}
,"/home/jakunzler/Documents/GitHub/mundo_precisa_pai/sistemas/web/src/pages/Home.js": {"path":"/home/jakunzler/Documents/GitHub/mundo_precisa_pai/sistemas/web/src/pages/Home.js","statementMap":{"0":{"start":{"line":17,"column":22},"end":{"line":19,"column":1}},"1":{"start":{"line":21,"column":16},"end":{"line":29,"column":1}},"2":{"start":{"line":31,"column":21},"end":{"line":35,"column":1}},"3":{"start":{"line":37,"column":24},"end":{"line":43,"column":1}},"4":{"start":{"line":45,"column":20},"end":{"line":62,"column":1}},"5":{"start":{"line":64,"column":21},"end":{"line":69,"column":1}},"6":{"start":{"line":71,"column":20},"end":{"line":99,"column":1}},"7":{"start":{"line":101,"column":21},"end":{"line":103,"column":1}},"8":{"start":{"line":105,"column":18},"end":{"line":109,"column":1}},"9":{"start":{"line":111,"column":17},"end":{"line":128,"column":1}},"10":{"start":{"line":130,"column":22},"end":{"line":132,"column":1}},"11":{"start":{"line":134,"column":19},"end":{"line":138,"column":1}},"12":{"start":{"line":140,"column":18},"end":{"line":150,"column":1}},"13":{"start":{"line":152,"column":19},"end":{"line":160,"column":1}},"14":{"start":{"line":162,"column":21},"end":{"line":174,"column":1}},"15":{"start":{"line":176,"column":18},"end":{"line":187,"column":1}},"16":{"start":{"line":189,"column":18},"end":{"line":206,"column":1}},"17":{"start":{"line":208,"column":13},"end":{"line":422,"column":1}},"18":{"start":{"line":209,"column":24},"end":{"line":212,"column":4}},"19":{"start":{"line":214,"column":19},"end":{"line":235,"column":3}},"20":{"start":{"line":237,"column":16},"end":{"line":242,"column":3}},"21":{"start":{"line":244,"column":17},"end":{"line":266,"column":3}},"22":{"start":{"line":268,"column":2},"end":{"line":421,"column":4}},"23":{"start":{"line":326,"column":14},"end":{"line":335,"column":28}},"24":{"start":{"line":355,"column":14},"end":{"line":363,"column":25}},"25":{"start":{"line":390,"column":14},"end":{"line":415,"column":26}}},"fnMap":{"0":{"name":"(anonymous_0)","decl":{"start":{"line":208,"column":13},"end":{"line":208,"column":14}},"loc":{"start":{"line":208,"column":19},"end":{"line":422,"column":1}},"line":208},"1":{"name":"(anonymous_1)","decl":{"start":{"line":325,"column":26},"end":{"line":325,"column":27}},"loc":{"start":{"line":326,"column":14},"end":{"line":335,"column":28}},"line":326},"2":{"name":"(anonymous_2)","decl":{"start":{"line":354,"column":23},"end":{"line":354,"column":24}},"loc":{"start":{"line":355,"column":14},"end":{"line":363,"column":25}},"line":355},"3":{"name":"(anonymous_3)","decl":{"start":{"line":389,"column":24},"end":{"line":389,"column":25}},"loc":{"start":{"line":390,"column":14},"end":{"line":415,"column":26}},"line":390}},"branchMap":{"0":{"loc":{"start":{"line":322,"column":21},"end":{"line":322,"column":55}},"type":"cond-expr","locations":[{"start":{"line":322,"column":30},"end":{"line":322,"column":50}},{"start":{"line":322,"column":53},"end":{"line":322,"column":55}}],"line":322},"1":{"loc":{"start":{"line":329,"column":25},"end":{"line":329,"column":59}},"type":"cond-expr","locations":[{"start":{"line":329,"column":34},"end":{"line":329,"column":54}},{"start":{"line":329,"column":57},"end":{"line":329,"column":59}}],"line":329},"2":{"loc":{"start":{"line":351,"column":21},"end":{"line":351,"column":55}},"type":"cond-expr","locations":[{"start":{"line":351,"column":30},"end":{"line":351,"column":50}},{"start":{"line":351,"column":53},"end":{"line":351,"column":55}}],"line":351},"3":{"loc":{"start":{"line":358,"column":25},"end":{"line":358,"column":63}},"type":"cond-expr","locations":[{"start":{"line":358,"column":34},"end":{"line":358,"column":58}},{"start":{"line":358,"column":61},"end":{"line":358,"column":63}}],"line":358},"4":{"loc":{"start":{"line":386,"column":21},"end":{"line":386,"column":55}},"type":"cond-expr","locations":[{"start":{"line":386,"column":30},"end":{"line":386,"column":50}},{"start":{"line":386,"column":53},"end":{"line":386,"column":55}}],"line":386},"5":{"loc":{"start":{"line":393,"column":25},"end":{"line":393,"column":59}},"type":"cond-expr","locations":[{"start":{"line":393,"column":34},"end":{"line":393,"column":54}},{"start":{"line":393,"column":57},"end":{"line":393,"column":59}}],"line":393}},"s":{"0":0,"1":0,"2":0,"3":0,"4":0,"5":0,"6":0,"7":0,"8":0,"9":0,"10":0,"11":0,"12":0,"13":0,"14":0,"15":0,"16":0,"17":0,"18":0,"19":0,"20":0,"21":0,"22":0,"23":0,"24":0,"25":0},"f":{"0":0,"1":0,"2":0,"3":0},"b":{"0":[0,0],"1":[0,0],"2":[0,0],"3":[0,0],"4":[0,0],"5":[0,0]}}
,"/home/jakunzler/Documents/GitHub/mundo_precisa_pai/sistemas/web/src/pages/LandingPage.js": {"path":"/home/jakunzler/Documents/GitHub/mundo_precisa_pai/sistemas/web/src/pages/LandingPage.js","statementMap":{"0":{"start":{"line":8,"column":25},"end":{"line":29,"column":1}},"1":{"start":{"line":31,"column":16},"end":{"line":40,"column":1}},"2":{"start":{"line":42,"column":18},"end":{"line":56,"column":1}},"3":{"start":{"line":58,"column":21},"end":{"line":69,"column":1}},"4":{"start":{"line":71,"column":18},"end":{"line":90,"column":1}},"5":{"start":{"line":92,"column":23},"end":{"line":100,"column":1}},"6":{"start":{"line":102,"column":17},"end":{"line":132,"column":1}},"7":{"start":{"line":134,"column":25},"end":{"line":142,"column":1}},"8":{"start":{"line":144,"column":24},"end":{"line":151,"column":1}},"9":{"start":{"line":153,"column":20},"end":{"line":278,"column":1}},"10":{"start":{"line":154,"column":16},"end":{"line":175,"column":3}},"11":{"start":{"line":177,"column":2},"end":{"line":277,"column":4}},"12":{"start":{"line":261,"column":14},"end":{"line":271,"column":25}}},"fnMap":{"0":{"name":"(anonymous_0)","decl":{"start":{"line":153,"column":20},"end":{"line":153,"column":21}},"loc":{"start":{"line":153,"column":26},"end":{"line":278,"column":1}},"line":153},"1":{"name":"(anonymous_1)","decl":{"start":{"line":260,"column":23},"end":{"line":260,"column":24}},"loc":{"start":{"line":261,"column":14},"end":{"line":271,"column":25}},"line":261}},"branchMap":{},"s":{"0":0,"1":0,"2":0,"3":0,"4":0,"5":0,"6":0,"7":0,"8":0,"9":0,"10":0,"11":0,"12":0},"f":{"0":0,"1":0},"b":{}}
,"/home/jakunzler/Documents/GitHub/mundo_precisa_pai/sistemas/web/src/pages/Sponsorship.js": {"path":"/home/jakunzler/Documents/GitHub/mundo_precisa_pai/sistemas/web/src/pages/Sponsorship.js","statementMap":{"0":{"start":{"line":16,"column":29},"end":{"line":18,"column":1}},"1":{"start":{"line":20,"column":16},"end":{"line":28,"column":1}},"2":{"start":{"line":30,"column":20},"end":{"line":47,"column":1}},"3":{"start":{"line":49,"column":21},"end":{"line":53,"column":1}},"4":{"start":{"line":55,"column":24},"end":{"line":61,"column":1}},"5":{"start":{"line":63,"column":18},"end":{"line":68,"column":1}},"6":{"start":{"line":70,"column":17},"end":{"line":101,"column":1}},"7":{"start":{"line":84,"column":22},"end":{"line":100,"column":3}},"8":{"start":{"line":103,"column":17},"end":{"line":114,"column":1}},"9":{"start":{"line":113,"column":31},"end":{"line":113,"column":36}},"10":{"start":{"line":116,"column":18},"end":{"line":120,"column":1}},"11":{"start":{"line":122,"column":18},"end":{"line":132,"column":1}},"12":{"start":{"line":134,"column":24},"end":{"line":138,"column":1}},"13":{"start":{"line":140,"column":21},"end":{"line":145,"column":1}},"14":{"start":{"line":147,"column":20},"end":{"line":159,"column":1}},"15":{"start":{"line":161,"column":19},"end":{"line":182,"column":1}},"16":{"start":{"line":163,"column":4},"end":{"line":165,"column":21}},"17":{"start":{"line":167,"column":28},"end":{"line":167,"column":71}},"18":{"start":{"line":169,"column":4},"end":{"line":169,"column":56}},"19":{"start":{"line":184,"column":24},"end":{"line":186,"column":1}},"20":{"start":{"line":188,"column":21},"end":{"line":192,"column":1}},"21":{"start":{"line":194,"column":20},"end":{"line":217,"column":1}},"22":{"start":{"line":219,"column":23},"end":{"line":222,"column":1}},"23":{"start":{"line":224,"column":20},"end":{"line":229,"column":1}},"24":{"start":{"line":231,"column":18},"end":{"line":235,"column":1}},"25":{"start":{"line":237,"column":14},"end":{"line":240,"column":1}},"26":{"start":{"line":242,"column":14},"end":{"line":253,"column":1}},"27":{"start":{"line":255,"column":17},"end":{"line":268,"column":1}},"28":{"start":{"line":270,"column":21},"end":{"line":284,"column":1}},"29":{"start":{"line":286,"column":20},"end":{"line":539,"column":1}},"30":{"start":{"line":287,"column":24},"end":{"line":290,"column":4}},"31":{"start":{"line":292,"column":16},"end":{"line":343,"column":3}},"32":{"start":{"line":345,"column":19},"end":{"line":361,"column":3}},"33":{"start":{"line":363,"column":23},"end":{"line":367,"column":3}},"34":{"start":{"line":364,"column":4},"end":{"line":364,"column":23}},"35":{"start":{"line":366,"column":4},"end":{"line":366,"column":38}},"36":{"start":{"line":369,"column":2},"end":{"line":538,"column":4}},"37":{"start":{"line":418,"column":14},"end":{"line":448,"column":25}},"38":{"start":{"line":435,"column":20},"end":{"line":438,"column":34}},"39":{"start":{"line":475,"column":14},"end":{"line":484,"column":28}}},"fnMap":{"0":{"name":"(anonymous_0)","decl":{"start":{"line":84,"column":4},"end":{"line":84,"column":5}},"loc":{"start":{"line":84,"column":22},"end":{"line":100,"column":3}},"line":84},"1":{"name":"(anonymous_1)","decl":{"start":{"line":113,"column":16},"end":{"line":113,"column":17}},"loc":{"start":{"line":113,"column":31},"end":{"line":113,"column":36}},"line":113},"2":{"name":"(anonymous_2)","decl":{"start":{"line":162,"column":16},"end":{"line":162,"column":17}},"loc":{"start":{"line":163,"column":4},"end":{"line":165,"column":21}},"line":163},"3":{"name":"(anonymous_3)","decl":{"start":{"line":167,"column":11},"end":{"line":167,"column":12}},"loc":{"start":{"line":167,"column":28},"end":{"line":167,"column":71}},"line":167},"4":{"name":"(anonymous_4)","decl":{"start":{"line":168,"column":12},"end":{"line":168,"column":13}},"loc":{"start":{"line":169,"column":4},"end":{"line":169,"column":56}},"line":169},"5":{"name":"(anonymous_5)","decl":{"start":{"line":286,"column":20},"end":{"line":286,"column":21}},"loc":{"start":{"line":286,"column":26},"end":{"line":539,"column":1}},"line":286},"6":{"name":"(anonymous_6)","decl":{"start":{"line":363,"column":23},"end":{"line":363,"column":24}},"loc":{"start":{"line":363,"column":30},"end":{"line":367,"column":3}},"line":363},"7":{"name":"(anonymous_7)","decl":{"start":{"line":417,"column":23},"end":{"line":417,"column":24}},"loc":{"start":{"line":418,"column":14},"end":{"line":448,"column":25}},"line":418},"8":{"name":"(anonymous_8)","decl":{"start":{"line":434,"column":37},"end":{"line":434,"column":38}},"loc":{"start":{"line":435,"column":20},"end":{"line":438,"column":34}},"line":435},"9":{"name":"(anonymous_9)","decl":{"start":{"line":474,"column":26},"end":{"line":474,"column":27}},"loc":{"start":{"line":475,"column":14},"end":{"line":484,"column":28}},"line":475}},"branchMap":{"0":{"loc":{"start":{"line":84,"column":22},"end":{"line":100,"column":3}},"type":"binary-expr","locations":[{"start":{"line":84,"column":22},"end":{"line":84,"column":30}},{"start":{"line":84,"column":34},"end":{"line":100,"column":3}}],"line":84},"1":{"loc":{"start":{"line":163,"column":4},"end":{"line":165,"column":21}},"type":"cond-expr","locations":[{"start":{"line":164,"column":8},"end":{"line":164,"column":59}},{"start":{"line":165,"column":8},"end":{"line":165,"column":21}}],"line":163},"2":{"loc":{"start":{"line":167,"column":28},"end":{"line":167,"column":71}},"type":"cond-expr","locations":[{"start":{"line":167,"column":52},"end":{"line":167,"column":59}},{"start":{"line":167,"column":62},"end":{"line":167,"column":71}}],"line":167},"3":{"loc":{"start":{"line":169,"column":4},"end":{"line":169,"column":56}},"type":"cond-expr","locations":[{"start":{"line":169,"column":28},"end":{"line":169,"column":34}},{"start":{"line":169,"column":37},"end":{"line":169,"column":56}}],"line":169},"4":{"loc":{"start":{"line":414,"column":21},"end":{"line":414,"column":55}},"type":"cond-expr","locations":[{"start":{"line":414,"column":30},"end":{"line":414,"column":50}},{"start":{"line":414,"column":53},"end":{"line":414,"column":55}}],"line":414},"5":{"loc":{"start":{"line":422,"column":25},"end":{"line":422,"column":59}},"type":"cond-expr","locations":[{"start":{"line":422,"column":34},"end":{"line":422,"column":54}},{"start":{"line":422,"column":57},"end":{"line":422,"column":59}}],"line":422},"6":{"loc":{"start":{"line":471,"column":21},"end":{"line":471,"column":55}},"type":"cond-expr","locations":[{"start":{"line":471,"column":30},"end":{"line":471,"column":50}},{"start":{"line":471,"column":53},"end":{"line":471,"column":55}}],"line":471},"7":{"loc":{"start":{"line":478,"column":25},"end":{"line":478,"column":59}},"type":"cond-expr","locations":[{"start":{"line":478,"column":34},"end":{"line":478,"column":54}},{"start":{"line":478,"column":57},"end":{"line":478,"column":59}}],"line":478},"8":{"loc":{"start":{"line":508,"column":21},"end":{"line":508,"column":55}},"type":"cond-expr","locations":[{"start":{"line":508,"column":30},"end":{"line":508,"column":50}},{"start":{"line":508,"column":53},"end":{"line":508,"column":55}}],"line":508}},"s":{"0":0,"1":0,"2":0,"3":0,"4":0,"5":0,"6":0,"7":0,"8":0,"9":0,"10":0,"11":0,"12":0,"13":0,"14":0,"15":0,"16":0,"17":0,"18":0,"19":0,"20":0,"21":0,"22":0,"23":0,"24":0,"25":0,"26":0,"27":0,"28":0,"29":0,"30":0,"31":0,"32":0,"33":0,"34":0,"35":0,"36":0,"37":0,"38":0,"39":0},"f":{"0":0,"1":0,"2":0,"3":0,"4":0,"5":0,"6":0,"7":0,"8":0,"9":0},"b":{"0":[0,0],"1":[0,0],"2":[0,0],"3":[0,0],"4":[0,0],"5":[0,0],"6":[0,0],"7":[0,0],"8":[0,0]}}
,"/home/jakunzler/Documents/GitHub/mundo_precisa_pai/sistemas/web/src/styles/GlobalStyles.js": {"path":"/home/jakunzler/Documents/GitHub/mundo_precisa_pai/sistemas/web/src/styles/GlobalStyles.js","statementMap":{"0":{"start":{"line":3,"column":28},"end":{"line":166,"column":1}}},"fnMap":{},"branchMap":{},"s":{"0":0},"f":{},"b":{}}
}
