{"/home/jakunzler/Documents/GitHub/mundo_precisa_pai/sistemas/web/src/App.js": {"path":"/home/jakunzler/Documents/GitHub/mundo_precisa_pai/sistemas/web/src/App.js","statementMap":{"0":{"start":{"line":20,"column":2},"end":{"line":50,"column":4}}},"fnMap":{"0":{"name":"App","decl":{"start":{"line":19,"column":9},"end":{"line":19,"column":12}},"loc":{"start":{"line":19,"column":15},"end":{"line":51,"column":1}},"line":19}},"branchMap":{},"s":{"0":3},"f":{"0":3},"b":{},"_coverageSchema":"1a1c01bbd47fc00a2c39e90264f33305004495a9","hash":"b57c7308b0c7db1a1e426dd4be3d4b8f996051eb"}
,"/home/jakunzler/Documents/GitHub/mundo_precisa_pai/sistemas/web/src/index.js": {"path":"/home/jakunzler/Documents/GitHub/mundo_precisa_pai/sistemas/web/src/index.js","statementMap":{"0":{"start":{"line":9,"column":13},"end":{"line":9,"column":65}},"1":{"start":{"line":11,"column":0},"end":{"line":32,"column":2}}},"fnMap":{},"branchMap":{},"s":{"0":0,"1":0},"f":{},"b":{}}
,"/home/jakunzler/Documents/GitHub/mundo_precisa_pai/sistemas/web/src/components/ContactForm.js": {"path":"/home/jakunzler/Documents/GitHub/mundo_precisa_pai/sistemas/web/src/components/ContactForm.js","statementMap":{"0":{"start":{"line":10,"column":22},"end":{"line":28,"column":1}},"1":{"start":{"line":30,"column":18},"end":{"line":39,"column":1}},"2":{"start":{"line":41,"column":18},"end":{"line":47,"column":1}},"3":{"start":{"line":49,"column":14},"end":{"line":55,"column":1}},"4":{"start":{"line":57,"column":14},"end":{"line":82,"column":1}},"5":{"start":{"line":84,"column":17},"end":{"line":113,"column":1}},"6":{"start":{"line":115,"column":21},"end":{"line":120,"column":1}},"7":{"start":{"line":122,"column":21},"end":{"line":154,"column":1}},"8":{"start":{"line":156,"column":23},"end":{"line":166,"column":1}},"9":{"start":{"line":168,"column":30},"end":{"line":178,"column":1}},"10":{"start":{"line":180,"column":20},"end":{"line":351,"column":1}},"11":{"start":{"line":181,"column":42},"end":{"line":181,"column":57}},"12":{"start":{"line":182,"column":42},"end":{"line":182,"column":56}},"13":{"start":{"line":189,"column":6},"end":{"line":189,"column":15}},"14":{"start":{"line":191,"column":19},"end":{"line":239,"column":3}},"15":{"start":{"line":192,"column":4},"end":{"line":192,"column":26}},"16":{"start":{"line":193,"column":4},"end":{"line":193,"column":26}},"17":{"start":{"line":195,"column":4},"end":{"line":238,"column":5}},"18":{"start":{"line":197,"column":29},"end":{"line":203,"column":7}},"19":{"start":{"line":206,"column":6},"end":{"line":210,"column":7}},"20":{"start":{"line":209,"column":8},"end":{"line":209,"column":94}},"21":{"start":{"line":213,"column":23},"end":{"line":218,"column":7}},"22":{"start":{"line":220,"column":6},"end":{"line":226,"column":7}},"23":{"start":{"line":221,"column":8},"end":{"line":221,"column":35}},"24":{"start":{"line":222,"column":8},"end":{"line":222,"column":16}},"25":{"start":{"line":223,"column":8},"end":{"line":223,"column":55}},"26":{"start":{"line":225,"column":8},"end":{"line":225,"column":51}},"27":{"start":{"line":228,"column":6},"end":{"line":228,"column":52}},"28":{"start":{"line":229,"column":6},"end":{"line":229,"column":31}},"29":{"start":{"line":231,"column":6},"end":{"line":235,"column":7}},"30":{"start":{"line":232,"column":8},"end":{"line":232,"column":81}},"31":{"start":{"line":234,"column":8},"end":{"line":234,"column":65}},"32":{"start":{"line":237,"column":6},"end":{"line":237,"column":29}},"33":{"start":{"line":241,"column":2},"end":{"line":350,"column":4}}},"fnMap":{"0":{"name":"(anonymous_0)","decl":{"start":{"line":180,"column":20},"end":{"line":180,"column":21}},"loc":{"start":{"line":180,"column":83},"end":{"line":351,"column":1}},"line":180},"1":{"name":"(anonymous_1)","decl":{"start":{"line":191,"column":19},"end":{"line":191,"column":20}},"loc":{"start":{"line":191,"column":35},"end":{"line":239,"column":3}},"line":191}},"branchMap":{"0":{"loc":{"start":{"line":180,"column":23},"end":{"line":180,"column":49}},"type":"default-arg","locations":[{"start":{"line":180,"column":31},"end":{"line":180,"column":49}}],"line":180},"1":{"loc":{"start":{"line":180,"column":51},"end":{"line":180,"column":76}},"type":"default-arg","locations":[{"start":{"line":180,"column":72},"end":{"line":180,"column":76}}],"line":180},"2":{"loc":{"start":{"line":206,"column":6},"end":{"line":210,"column":7}},"type":"if","locations":[{"start":{"line":206,"column":6},"end":{"line":210,"column":7}},{"start":{},"end":{}}],"line":206},"3":{"loc":{"start":{"line":206,"column":10},"end":{"line":208,"column":52}},"type":"binary-expr","locations":[{"start":{"line":206,"column":10},"end":{"line":206,"column":52}},{"start":{"line":207,"column":10},"end":{"line":207,"column":54}},{"start":{"line":208,"column":10},"end":{"line":208,"column":52}}],"line":206},"4":{"loc":{"start":{"line":220,"column":6},"end":{"line":226,"column":7}},"type":"if","locations":[{"start":{"line":220,"column":6},"end":{"line":226,"column":7}},{"start":{"line":224,"column":13},"end":{"line":226,"column":7}}],"line":220},"5":{"loc":{"start":{"line":231,"column":6},"end":{"line":235,"column":7}},"type":"if","locations":[{"start":{"line":231,"column":6},"end":{"line":235,"column":7}},{"start":{"line":233,"column":13},"end":{"line":235,"column":7}}],"line":231},"6":{"loc":{"start":{"line":245,"column":7},"end":{"line":253,"column":7}},"type":"binary-expr","locations":[{"start":{"line":245,"column":7},"end":{"line":245,"column":33}},{"start":{"line":245,"column":37},"end":{"line":245,"column":55}},{"start":{"line":246,"column":8},"end":{"line":252,"column":25}}],"line":245},"7":{"loc":{"start":{"line":255,"column":7},"end":{"line":263,"column":7}},"type":"binary-expr","locations":[{"start":{"line":255,"column":7},"end":{"line":255,"column":31}},{"start":{"line":256,"column":8},"end":{"line":262,"column":32}}],"line":255},"8":{"loc":{"start":{"line":275,"column":23},"end":{"line":275,"column":49}},"type":"cond-expr","locations":[{"start":{"line":275,"column":37},"end":{"line":275,"column":44}},{"start":{"line":275,"column":47},"end":{"line":275,"column":49}}],"line":275},"9":{"loc":{"start":{"line":278,"column":11},"end":{"line":278,"column":76}},"type":"binary-expr","locations":[{"start":{"line":278,"column":11},"end":{"line":278,"column":22}},{"start":{"line":278,"column":26},"end":{"line":278,"column":76}}],"line":278},"10":{"loc":{"start":{"line":293,"column":23},"end":{"line":293,"column":50}},"type":"cond-expr","locations":[{"start":{"line":293,"column":38},"end":{"line":293,"column":45}},{"start":{"line":293,"column":48},"end":{"line":293,"column":50}}],"line":293},"11":{"loc":{"start":{"line":296,"column":11},"end":{"line":296,"column":78}},"type":"binary-expr","locations":[{"start":{"line":296,"column":11},"end":{"line":296,"column":23}},{"start":{"line":296,"column":27},"end":{"line":296,"column":78}}],"line":296},"12":{"loc":{"start":{"line":307,"column":23},"end":{"line":307,"column":52}},"type":"cond-expr","locations":[{"start":{"line":307,"column":40},"end":{"line":307,"column":47}},{"start":{"line":307,"column":50},"end":{"line":307,"column":52}}],"line":307},"13":{"loc":{"start":{"line":310,"column":11},"end":{"line":310,"column":82}},"type":"binary-expr","locations":[{"start":{"line":310,"column":11},"end":{"line":310,"column":25}},{"start":{"line":310,"column":29},"end":{"line":310,"column":82}}],"line":310},"14":{"loc":{"start":{"line":319,"column":11},"end":{"line":334,"column":11}},"type":"cond-expr","locations":[{"start":{"line":320,"column":12},"end":{"line":328,"column":15}},{"start":{"line":330,"column":12},"end":{"line":333,"column":15}}],"line":319}},"s":{"0":0,"1":0,"2":0,"3":0,"4":0,"5":0,"6":0,"7":0,"8":0,"9":0,"10":0,"11":0,"12":0,"13":0,"14":0,"15":0,"16":0,"17":0,"18":0,"19":0,"20":0,"21":0,"22":0,"23":0,"24":0,"25":0,"26":0,"27":0,"28":0,"29":0,"30":0,"31":0,"32":0,"33":0},"f":{"0":0,"1":0},"b":{"0":[0],"1":[0],"2":[0,0],"3":[0,0,0],"4":[0,0],"5":[0,0],"6":[0,0,0],"7":[0,0],"8":[0,0],"9":[0,0],"10":[0,0],"11":[0,0],"12":[0,0],"13":[0,0],"14":[0,0]}}
,"/home/jakunzler/Documents/GitHub/mundo_precisa_pai/sistemas/web/src/components/FloatingContributionButton.js": {"path":"/home/jakunzler/Documents/GitHub/mundo_precisa_pai/sistemas/web/src/components/FloatingContributionButton.js","statementMap":{"0":{"start":{"line":7,"column":23},"end":{"line":38,"column":1}},"1":{"start":{"line":40,"column":14},"end":{"line":52,"column":1}},"2":{"start":{"line":54,"column":21},"end":{"line":62,"column":1}},"3":{"start":{"line":64,"column":20},"end":{"line":85,"column":1}},"4":{"start":{"line":87,"column":35},"end":{"line":136,"column":1}},"5":{"start":{"line":88,"column":40},"end":{"line":88,"column":55}},"6":{"start":{"line":90,"column":20},"end":{"line":90,"column":46}},"7":{"start":{"line":90,"column":26},"end":{"line":90,"column":46}},"8":{"start":{"line":91,"column":21},"end":{"line":91,"column":48}},"9":{"start":{"line":91,"column":27},"end":{"line":91,"column":48}},"10":{"start":{"line":93,"column":2},"end":{"line":135,"column":4}},"11":{"start":{"line":119,"column":30},"end":{"line":119,"column":49}}},"fnMap":{"0":{"name":"(anonymous_0)","decl":{"start":{"line":87,"column":35},"end":{"line":87,"column":36}},"loc":{"start":{"line":87,"column":41},"end":{"line":136,"column":1}},"line":87},"1":{"name":"(anonymous_1)","decl":{"start":{"line":90,"column":20},"end":{"line":90,"column":21}},"loc":{"start":{"line":90,"column":26},"end":{"line":90,"column":46}},"line":90},"2":{"name":"(anonymous_2)","decl":{"start":{"line":91,"column":21},"end":{"line":91,"column":22}},"loc":{"start":{"line":91,"column":27},"end":{"line":91,"column":48}},"line":91},"3":{"name":"(anonymous_3)","decl":{"start":{"line":119,"column":23},"end":{"line":119,"column":24}},"loc":{"start":{"line":119,"column":30},"end":{"line":119,"column":49}},"line":119}},"branchMap":{"0":{"loc":{"start":{"line":108,"column":9},"end":{"line":132,"column":9}},"type":"binary-expr","locations":[{"start":{"line":108,"column":9},"end":{"line":108,"column":20}},{"start":{"line":109,"column":10},"end":{"line":131,"column":18}}],"line":108}},"s":{"0":1,"1":1,"2":1,"3":1,"4":1,"5":3,"6":2,"7":0,"8":2,"9":0,"10":2,"11":0},"f":{"0":3,"1":0,"2":0,"3":0},"b":{"0":[2,0]},"_coverageSchema":"1a1c01bbd47fc00a2c39e90264f33305004495a9","hash":"1562582db0b2a0540055f1fbd2c53cdf5362e9a5"}
,"/home/jakunzler/Documents/GitHub/mundo_precisa_pai/sistemas/web/src/components/Footer.js": {"path":"/home/jakunzler/Documents/GitHub/mundo_precisa_pai/sistemas/web/src/components/Footer.js","statementMap":{"0":{"start":{"line":16,"column":24},"end":{"line":28,"column":1}},"1":{"start":{"line":30,"column":22},"end":{"line":49,"column":1}},"2":{"start":{"line":51,"column":22},"end":{"line":69,"column":1}},"3":{"start":{"line":71,"column":20},"end":{"line":95,"column":1}},"4":{"start":{"line":97,"column":20},"end":{"line":116,"column":1}},"5":{"start":{"line":118,"column":20},"end":{"line":126,"column":1}},"6":{"start":{"line":128,"column":19},"end":{"line":149,"column":1}},"7":{"start":{"line":151,"column":21},"end":{"line":165,"column":1}},"8":{"start":{"line":167,"column":13},"end":{"line":187,"column":1}},"9":{"start":{"line":189,"column":15},"end":{"line":272,"column":1}},"10":{"start":{"line":190,"column":22},"end":{"line":190,"column":46}},"11":{"start":{"line":192,"column":2},"end":{"line":271,"column":4}}},"fnMap":{"0":{"name":"(anonymous_0)","decl":{"start":{"line":189,"column":15},"end":{"line":189,"column":16}},"loc":{"start":{"line":189,"column":21},"end":{"line":272,"column":1}},"line":189}},"branchMap":{},"s":{"0":0,"1":0,"2":0,"3":0,"4":0,"5":0,"6":0,"7":0,"8":0,"9":0,"10":0,"11":0},"f":{"0":0},"b":{}}
,"/home/jakunzler/Documents/GitHub/mundo_precisa_pai/sistemas/web/src/components/Header.js": {"path":"/home/jakunzler/Documents/GitHub/mundo_precisa_pai/sistemas/web/src/components/Header.js","statementMap":{"0":{"start":{"line":7,"column":22},"end":{"line":7,"column":24}},"1":{"start":{"line":9,"column":24},"end":{"line":23,"column":1}},"2":{"start":{"line":17,"column":4},"end":{"line":17,"column":70}},"3":{"start":{"line":22,"column":4},"end":{"line":22,"column":57}},"4":{"start":{"line":25,"column":12},"end":{"line":45,"column":1}},"5":{"start":{"line":47,"column":13},"end":{"line":78,"column":1}},"6":{"start":{"line":80,"column":17},"end":{"line":84,"column":1}},"7":{"start":{"line":86,"column":17},"end":{"line":94,"column":1}},"8":{"start":{"line":96,"column":16},"end":{"line":124,"column":1}},"9":{"start":{"line":98,"column":28},"end":{"line":98,"column":59}},"10":{"start":{"line":115,"column":30},"end":{"line":115,"column":52}},"11":{"start":{"line":126,"column":25},"end":{"line":144,"column":1}},"12":{"start":{"line":146,"column":26},"end":{"line":160,"column":1}},"13":{"start":{"line":162,"column":26},"end":{"line":181,"column":1}},"14":{"start":{"line":183,"column":22},"end":{"line":210,"column":1}},"15":{"start":{"line":212,"column":20},"end":{"line":244,"column":1}},"16":{"start":{"line":246,"column":18},"end":{"line":266,"column":1}},"17":{"start":{"line":268,"column":24},"end":{"line":281,"column":1}},"18":{"start":{"line":283,"column":15},"end":{"line":419,"column":1}},"19":{"start":{"line":284,"column":38},"end":{"line":284,"column":53}},"20":{"start":{"line":285,"column":50},"end":{"line":285,"column":65}},"21":{"start":{"line":286,"column":19},"end":{"line":286,"column":32}},"22":{"start":{"line":288,"column":2},"end":{"line":295,"column":9}},"23":{"start":{"line":289,"column":25},"end":{"line":291,"column":5}},"24":{"start":{"line":290,"column":6},"end":{"line":290,"column":41}},"25":{"start":{"line":293,"column":4},"end":{"line":293,"column":52}},"26":{"start":{"line":294,"column":4},"end":{"line":294,"column":68}},"27":{"start":{"line":294,"column":17},"end":{"line":294,"column":67}},"28":{"start":{"line":298,"column":2},"end":{"line":300,"column":17}},"29":{"start":{"line":299,"column":4},"end":{"line":299,"column":31}},"30":{"start":{"line":303,"column":2},"end":{"line":313,"column":25}},"31":{"start":{"line":304,"column":4},"end":{"line":308,"column":5}},"32":{"start":{"line":305,"column":6},"end":{"line":305,"column":46}},"33":{"start":{"line":307,"column":6},"end":{"line":307,"column":45}},"34":{"start":{"line":310,"column":4},"end":{"line":312,"column":6}},"35":{"start":{"line":311,"column":6},"end":{"line":311,"column":45}},"36":{"start":{"line":315,"column":19},"end":{"line":321,"column":3}},"37":{"start":{"line":323,"column":19},"end":{"line":323,"column":55}},"38":{"start":{"line":323,"column":29},"end":{"line":323,"column":55}},"39":{"start":{"line":325,"column":26},"end":{"line":327,"column":3}},"40":{"start":{"line":326,"column":4},"end":{"line":326,"column":31}},"41":{"start":{"line":329,"column":2},"end":{"line":418,"column":4}},"42":{"start":{"line":339,"column":12},"end":{"line":345,"column":22}},"43":{"start":{"line":353,"column":25},"end":{"line":353,"column":50}},"44":{"start":{"line":386,"column":38},"end":{"line":386,"column":47}},"45":{"start":{"line":387,"column":16},"end":{"line":400,"column":18}}},"fnMap":{"0":{"name":"(anonymous_0)","decl":{"start":{"line":16,"column":16},"end":{"line":16,"column":17}},"loc":{"start":{"line":17,"column":4},"end":{"line":17,"column":70}},"line":17},"1":{"name":"(anonymous_1)","decl":{"start":{"line":21,"column":16},"end":{"line":21,"column":17}},"loc":{"start":{"line":22,"column":4},"end":{"line":22,"column":57}},"line":22},"2":{"name":"(anonymous_2)","decl":{"start":{"line":98,"column":11},"end":{"line":98,"column":12}},"loc":{"start":{"line":98,"column":28},"end":{"line":98,"column":59}},"line":98},"3":{"name":"(anonymous_3)","decl":{"start":{"line":115,"column":13},"end":{"line":115,"column":14}},"loc":{"start":{"line":115,"column":30},"end":{"line":115,"column":52}},"line":115},"4":{"name":"(anonymous_4)","decl":{"start":{"line":283,"column":15},"end":{"line":283,"column":16}},"loc":{"start":{"line":283,"column":21},"end":{"line":419,"column":1}},"line":283},"5":{"name":"(anonymous_5)","decl":{"start":{"line":288,"column":12},"end":{"line":288,"column":13}},"loc":{"start":{"line":288,"column":18},"end":{"line":295,"column":3}},"line":288},"6":{"name":"(anonymous_6)","decl":{"start":{"line":289,"column":25},"end":{"line":289,"column":26}},"loc":{"start":{"line":289,"column":31},"end":{"line":291,"column":5}},"line":289},"7":{"name":"(anonymous_7)","decl":{"start":{"line":294,"column":11},"end":{"line":294,"column":12}},"loc":{"start":{"line":294,"column":17},"end":{"line":294,"column":67}},"line":294},"8":{"name":"(anonymous_8)","decl":{"start":{"line":298,"column":12},"end":{"line":298,"column":13}},"loc":{"start":{"line":298,"column":18},"end":{"line":300,"column":3}},"line":298},"9":{"name":"(anonymous_9)","decl":{"start":{"line":303,"column":12},"end":{"line":303,"column":13}},"loc":{"start":{"line":303,"column":18},"end":{"line":313,"column":3}},"line":303},"10":{"name":"(anonymous_10)","decl":{"start":{"line":310,"column":11},"end":{"line":310,"column":12}},"loc":{"start":{"line":310,"column":17},"end":{"line":312,"column":5}},"line":310},"11":{"name":"(anonymous_11)","decl":{"start":{"line":323,"column":19},"end":{"line":323,"column":20}},"loc":{"start":{"line":323,"column":29},"end":{"line":323,"column":55}},"line":323},"12":{"name":"(anonymous_12)","decl":{"start":{"line":325,"column":26},"end":{"line":325,"column":27}},"loc":{"start":{"line":325,"column":32},"end":{"line":327,"column":3}},"line":325},"13":{"name":"(anonymous_13)","decl":{"start":{"line":338,"column":24},"end":{"line":338,"column":25}},"loc":{"start":{"line":339,"column":12},"end":{"line":345,"column":22}},"line":339},"14":{"name":"(anonymous_14)","decl":{"start":{"line":353,"column":19},"end":{"line":353,"column":20}},"loc":{"start":{"line":353,"column":25},"end":{"line":353,"column":50}},"line":353},"15":{"name":"(anonymous_15)","decl":{"start":{"line":385,"column":28},"end":{"line":385,"column":29}},"loc":{"start":{"line":385,"column":45},"end":{"line":401,"column":15}},"line":385}},"branchMap":{"0":{"loc":{"start":{"line":17,"column":4},"end":{"line":17,"column":70}},"type":"cond-expr","locations":[{"start":{"line":17,"column":16},"end":{"line":17,"column":43}},{"start":{"line":17,"column":46},"end":{"line":17,"column":70}}],"line":17},"1":{"loc":{"start":{"line":22,"column":4},"end":{"line":22,"column":57}},"type":"cond-expr","locations":[{"start":{"line":22,"column":16},"end":{"line":22,"column":48}},{"start":{"line":22,"column":51},"end":{"line":22,"column":57}}],"line":22},"2":{"loc":{"start":{"line":98,"column":28},"end":{"line":98,"column":59}},"type":"cond-expr","locations":[{"start":{"line":98,"column":38},"end":{"line":98,"column":47}},{"start":{"line":98,"column":50},"end":{"line":98,"column":59}}],"line":98},"3":{"loc":{"start":{"line":115,"column":30},"end":{"line":115,"column":52}},"type":"cond-expr","locations":[{"start":{"line":115,"column":40},"end":{"line":115,"column":46}},{"start":{"line":115,"column":49},"end":{"line":115,"column":52}}],"line":115},"4":{"loc":{"start":{"line":304,"column":4},"end":{"line":308,"column":5}},"type":"if","locations":[{"start":{"line":304,"column":4},"end":{"line":308,"column":5}},{"start":{"line":306,"column":11},"end":{"line":308,"column":5}}],"line":304},"5":{"loc":{"start":{"line":361,"column":9},"end":{"line":415,"column":9}},"type":"binary-expr","locations":[{"start":{"line":361,"column":9},"end":{"line":361,"column":25}},{"start":{"line":362,"column":10},"end":{"line":414,"column":30}}],"line":361}},"s":{"0":0,"1":0,"2":0,"3":0,"4":0,"5":0,"6":0,"7":0,"8":0,"9":0,"10":0,"11":0,"12":0,"13":0,"14":0,"15":0,"16":0,"17":0,"18":0,"19":0,"20":0,"21":0,"22":0,"23":0,"24":0,"25":0,"26":0,"27":0,"28":0,"29":0,"30":0,"31":0,"32":0,"33":0,"34":0,"35":0,"36":0,"37":0,"38":0,"39":0,"40":0,"41":0,"42":0,"43":0,"44":0,"45":0},"f":{"0":0,"1":0,"2":0,"3":0,"4":0,"5":0,"6":0,"7":0,"8":0,"9":0,"10":0,"11":0,"12":0,"13":0,"14":0,"15":0},"b":{"0":[0,0],"1":[0,0],"2":[0,0],"3":[0,0],"4":[0,0],"5":[0,0]}}
,"/home/jakunzler/Documents/GitHub/mundo_precisa_pai/sistemas/web/src/components/PixContributionWidget.js": {"path":"/home/jakunzler/Documents/GitHub/mundo_precisa_pai/sistemas/web/src/components/PixContributionWidget.js","statementMap":{"0":{"start":{"line":7,"column":24},"end":{"line":19,"column":1}},"1":{"start":{"line":21,"column":21},"end":{"line":27,"column":1}},"2":{"start":{"line":29,"column":20},"end":{"line":33,"column":1}},"3":{"start":{"line":35,"column":23},"end":{"line":38,"column":1}},"4":{"start":{"line":40,"column":26},"end":{"line":44,"column":1}},"5":{"start":{"line":46,"column":17},"end":{"line":57,"column":1}},"6":{"start":{"line":59,"column":19},"end":{"line":62,"column":1}},"7":{"start":{"line":64,"column":19},"end":{"line":73,"column":1}},"8":{"start":{"line":75,"column":20},"end":{"line":78,"column":1}},"9":{"start":{"line":80,"column":20},"end":{"line":84,"column":1}},"10":{"start":{"line":86,"column":19},"end":{"line":107,"column":1}},"11":{"start":{"line":109,"column":22},"end":{"line":117,"column":1}},"12":{"start":{"line":119,"column":21},"end":{"line":151,"column":1}},"13":{"start":{"line":153,"column":14},"end":{"line":165,"column":1}},"14":{"start":{"line":167,"column":21},"end":{"line":175,"column":1}},"15":{"start":{"line":177,"column":20},"end":{"line":183,"column":1}},"16":{"start":{"line":185,"column":19},"end":{"line":188,"column":1}},"17":{"start":{"line":190,"column":22},"end":{"line":192,"column":1}},"18":{"start":{"line":194,"column":20},"end":{"line":214,"column":1}},"19":{"start":{"line":216,"column":18},"end":{"line":218,"column":1}},"20":{"start":{"line":220,"column":24},"end":{"line":228,"column":1}},"21":{"start":{"line":230,"column":19},"end":{"line":241,"column":1}},"22":{"start":{"line":243,"column":20},"end":{"line":245,"column":1}},"23":{"start":{"line":247,"column":18},"end":{"line":251,"column":1}},"24":{"start":{"line":253,"column":24},"end":{"line":257,"column":1}},"25":{"start":{"line":259,"column":30},"end":{"line":520,"column":1}},"26":{"start":{"line":265,"column":40},"end":{"line":265,"column":55}},"27":{"start":{"line":266,"column":36},"end":{"line":266,"column":51}},"28":{"start":{"line":267,"column":38},"end":{"line":267,"column":53}},"29":{"start":{"line":269,"column":18},"end":{"line":273,"column":3}},"30":{"start":{"line":275,"column":26},"end":{"line":289,"column":3}},"31":{"start":{"line":276,"column":4},"end":{"line":288,"column":5}},"32":{"start":{"line":277,"column":6},"end":{"line":277,"column":48}},"33":{"start":{"line":278,"column":6},"end":{"line":284,"column":7}},"34":{"start":{"line":279,"column":8},"end":{"line":279,"column":27}},"35":{"start":{"line":280,"column":8},"end":{"line":280,"column":52}},"36":{"start":{"line":280,"column":25},"end":{"line":280,"column":44}},"37":{"start":{"line":282,"column":8},"end":{"line":282,"column":28}},"38":{"start":{"line":283,"column":8},"end":{"line":283,"column":53}},"39":{"start":{"line":283,"column":25},"end":{"line":283,"column":45}},"40":{"start":{"line":285,"column":6},"end":{"line":285,"column":73}},"41":{"start":{"line":287,"column":6},"end":{"line":287,"column":54}},"42":{"start":{"line":291,"column":19},"end":{"line":306,"column":3}},"43":{"start":{"line":292,"column":4},"end":{"line":305,"column":5}},"44":{"start":{"line":293,"column":6},"end":{"line":301,"column":7}},"45":{"start":{"line":294,"column":8},"end":{"line":298,"column":11}},"46":{"start":{"line":304,"column":6},"end":{"line":304,"column":65}},"47":{"start":{"line":308,"column":20},"end":{"line":308,"column":46}},"48":{"start":{"line":308,"column":26},"end":{"line":308,"column":46}},"49":{"start":{"line":309,"column":21},"end":{"line":309,"column":48}},"50":{"start":{"line":309,"column":27},"end":{"line":309,"column":48}},"51":{"start":{"line":311,"column":2},"end":{"line":365,"column":3}},"52":{"start":{"line":312,"column":4},"end":{"line":364,"column":6}},"53":{"start":{"line":329,"column":31},"end":{"line":329,"column":66}},"54":{"start":{"line":343,"column":31},"end":{"line":343,"column":68}},"55":{"start":{"line":367,"column":2},"end":{"line":519,"column":4}},"56":{"start":{"line":398,"column":31},"end":{"line":398,"column":66}},"57":{"start":{"line":412,"column":31},"end":{"line":412,"column":68}},"58":{"start":{"line":446,"column":30},"end":{"line":446,"column":49}}},"fnMap":{"0":{"name":"(anonymous_0)","decl":{"start":{"line":259,"column":30},"end":{"line":259,"column":31}},"loc":{"start":{"line":264,"column":6},"end":{"line":520,"column":1}},"line":264},"1":{"name":"(anonymous_1)","decl":{"start":{"line":275,"column":26},"end":{"line":275,"column":27}},"loc":{"start":{"line":275,"column":48},"end":{"line":289,"column":3}},"line":275},"2":{"name":"(anonymous_2)","decl":{"start":{"line":280,"column":19},"end":{"line":280,"column":20}},"loc":{"start":{"line":280,"column":25},"end":{"line":280,"column":44}},"line":280},"3":{"name":"(anonymous_3)","decl":{"start":{"line":283,"column":19},"end":{"line":283,"column":20}},"loc":{"start":{"line":283,"column":25},"end":{"line":283,"column":45}},"line":283},"4":{"name":"(anonymous_4)","decl":{"start":{"line":291,"column":19},"end":{"line":291,"column":20}},"loc":{"start":{"line":291,"column":31},"end":{"line":306,"column":3}},"line":291},"5":{"name":"(anonymous_5)","decl":{"start":{"line":308,"column":20},"end":{"line":308,"column":21}},"loc":{"start":{"line":308,"column":26},"end":{"line":308,"column":46}},"line":308},"6":{"name":"(anonymous_6)","decl":{"start":{"line":309,"column":21},"end":{"line":309,"column":22}},"loc":{"start":{"line":309,"column":27},"end":{"line":309,"column":48}},"line":309},"7":{"name":"(anonymous_7)","decl":{"start":{"line":329,"column":25},"end":{"line":329,"column":26}},"loc":{"start":{"line":329,"column":31},"end":{"line":329,"column":66}},"line":329},"8":{"name":"(anonymous_8)","decl":{"start":{"line":343,"column":25},"end":{"line":343,"column":26}},"loc":{"start":{"line":343,"column":31},"end":{"line":343,"column":68}},"line":343},"9":{"name":"(anonymous_9)","decl":{"start":{"line":398,"column":25},"end":{"line":398,"column":26}},"loc":{"start":{"line":398,"column":31},"end":{"line":398,"column":66}},"line":398},"10":{"name":"(anonymous_10)","decl":{"start":{"line":412,"column":25},"end":{"line":412,"column":26}},"loc":{"start":{"line":412,"column":31},"end":{"line":412,"column":68}},"line":412},"11":{"name":"(anonymous_11)","decl":{"start":{"line":446,"column":23},"end":{"line":446,"column":24}},"loc":{"start":{"line":446,"column":30},"end":{"line":446,"column":49}},"line":446}},"branchMap":{"0":{"loc":{"start":{"line":260,"column":2},"end":{"line":260,"column":29}},"type":"default-arg","locations":[{"start":{"line":260,"column":10},"end":{"line":260,"column":29}}],"line":260},"1":{"loc":{"start":{"line":261,"column":2},"end":{"line":261,"column":62}},"type":"default-arg","locations":[{"start":{"line":261,"column":13},"end":{"line":261,"column":62}}],"line":261},"2":{"loc":{"start":{"line":262,"column":2},"end":{"line":262,"column":18}},"type":"default-arg","locations":[{"start":{"line":262,"column":14},"end":{"line":262,"column":18}}],"line":262},"3":{"loc":{"start":{"line":263,"column":2},"end":{"line":263,"column":21}},"type":"default-arg","locations":[{"start":{"line":263,"column":12},"end":{"line":263,"column":21}}],"line":263},"4":{"loc":{"start":{"line":278,"column":6},"end":{"line":284,"column":7}},"type":"if","locations":[{"start":{"line":278,"column":6},"end":{"line":284,"column":7}},{"start":{"line":281,"column":13},"end":{"line":284,"column":7}}],"line":278},"5":{"loc":{"start":{"line":285,"column":23},"end":{"line":285,"column":60}},"type":"cond-expr","locations":[{"start":{"line":285,"column":40},"end":{"line":285,"column":51}},{"start":{"line":285,"column":54},"end":{"line":285,"column":60}}],"line":285},"6":{"loc":{"start":{"line":292,"column":4},"end":{"line":305,"column":5}},"type":"if","locations":[{"start":{"line":292,"column":4},"end":{"line":305,"column":5}},{"start":{"line":302,"column":11},"end":{"line":305,"column":5}}],"line":292},"7":{"loc":{"start":{"line":311,"column":2},"end":{"line":365,"column":3}},"type":"if","locations":[{"start":{"line":311,"column":2},"end":{"line":365,"column":3}},{"start":{},"end":{}}],"line":311},"8":{"loc":{"start":{"line":330,"column":27},"end":{"line":330,"column":52}},"type":"cond-expr","locations":[{"start":{"line":330,"column":39},"end":{"line":330,"column":47}},{"start":{"line":330,"column":50},"end":{"line":330,"column":52}}],"line":330},"9":{"loc":{"start":{"line":332,"column":17},"end":{"line":332,"column":75}},"type":"cond-expr","locations":[{"start":{"line":332,"column":29},"end":{"line":332,"column":54}},{"start":{"line":332,"column":57},"end":{"line":332,"column":75}}],"line":332},"10":{"loc":{"start":{"line":333,"column":17},"end":{"line":333,"column":50}},"type":"cond-expr","locations":[{"start":{"line":333,"column":29},"end":{"line":333,"column":39}},{"start":{"line":333,"column":42},"end":{"line":333,"column":50}}],"line":333},"11":{"loc":{"start":{"line":344,"column":27},"end":{"line":344,"column":53}},"type":"cond-expr","locations":[{"start":{"line":344,"column":40},"end":{"line":344,"column":48}},{"start":{"line":344,"column":51},"end":{"line":344,"column":53}}],"line":344},"12":{"loc":{"start":{"line":346,"column":17},"end":{"line":346,"column":76}},"type":"cond-expr","locations":[{"start":{"line":346,"column":30},"end":{"line":346,"column":55}},{"start":{"line":346,"column":58},"end":{"line":346,"column":76}}],"line":346},"13":{"loc":{"start":{"line":347,"column":17},"end":{"line":347,"column":51}},"type":"cond-expr","locations":[{"start":{"line":347,"column":30},"end":{"line":347,"column":40}},{"start":{"line":347,"column":43},"end":{"line":347,"column":51}}],"line":347},"14":{"loc":{"start":{"line":379,"column":9},"end":{"line":390,"column":9}},"type":"binary-expr","locations":[{"start":{"line":379,"column":9},"end":{"line":379,"column":18}},{"start":{"line":380,"column":10},"end":{"line":389,"column":30}}],"line":379},"15":{"loc":{"start":{"line":399,"column":27},"end":{"line":399,"column":52}},"type":"cond-expr","locations":[{"start":{"line":399,"column":39},"end":{"line":399,"column":47}},{"start":{"line":399,"column":50},"end":{"line":399,"column":52}}],"line":399},"16":{"loc":{"start":{"line":401,"column":17},"end":{"line":401,"column":75}},"type":"cond-expr","locations":[{"start":{"line":401,"column":29},"end":{"line":401,"column":54}},{"start":{"line":401,"column":57},"end":{"line":401,"column":75}}],"line":401},"17":{"loc":{"start":{"line":402,"column":17},"end":{"line":402,"column":50}},"type":"cond-expr","locations":[{"start":{"line":402,"column":29},"end":{"line":402,"column":39}},{"start":{"line":402,"column":42},"end":{"line":402,"column":50}}],"line":402},"18":{"loc":{"start":{"line":413,"column":27},"end":{"line":413,"column":53}},"type":"cond-expr","locations":[{"start":{"line":413,"column":40},"end":{"line":413,"column":48}},{"start":{"line":413,"column":51},"end":{"line":413,"column":53}}],"line":413},"19":{"loc":{"start":{"line":415,"column":17},"end":{"line":415,"column":76}},"type":"cond-expr","locations":[{"start":{"line":415,"column":30},"end":{"line":415,"column":55}},{"start":{"line":415,"column":58},"end":{"line":415,"column":76}}],"line":415},"20":{"loc":{"start":{"line":416,"column":17},"end":{"line":416,"column":51}},"type":"cond-expr","locations":[{"start":{"line":416,"column":30},"end":{"line":416,"column":40}},{"start":{"line":416,"column":43},"end":{"line":416,"column":51}}],"line":416},"21":{"loc":{"start":{"line":435,"column":9},"end":{"line":516,"column":9}},"type":"binary-expr","locations":[{"start":{"line":435,"column":9},"end":{"line":435,"column":20}},{"start":{"line":436,"column":10},"end":{"line":515,"column":18}}],"line":435}},"s":{"0":1,"1":1,"2":1,"3":1,"4":1,"5":1,"6":1,"7":1,"8":1,"9":1,"10":1,"11":1,"12":1,"13":1,"14":1,"15":1,"16":1,"17":1,"18":1,"19":1,"20":1,"21":1,"22":1,"23":1,"24":1,"25":1,"26":0,"27":0,"28":0,"29":0,"30":0,"31":0,"32":0,"33":0,"34":0,"35":0,"36":0,"37":0,"38":0,"39":0,"40":0,"41":0,"42":0,"43":0,"44":0,"45":0,"46":0,"47":0,"48":0,"49":0,"50":0,"51":0,"52":0,"53":0,"54":0,"55":0,"56":0,"57":0,"58":0},"f":{"0":0,"1":0,"2":0,"3":0,"4":0,"5":0,"6":0,"7":0,"8":0,"9":0,"10":0,"11":0},"b":{"0":[0],"1":[0],"2":[0],"3":[0],"4":[0,0],"5":[0,0],"6":[0,0],"7":[0,0],"8":[0,0],"9":[0,0],"10":[0,0],"11":[0,0],"12":[0,0],"13":[0,0],"14":[0,0],"15":[0,0],"16":[0,0],"17":[0,0],"18":[0,0],"19":[0,0],"20":[0,0],"21":[0,0]},"_coverageSchema":"1a1c01bbd47fc00a2c39e90264f33305004495a9","hash":"2cee1a1a6025e2bad97a298daa86fb800aa31e87"}
,"/home/jakunzler/Documents/GitHub/mundo_precisa_pai/sistemas/web/src/components/ScrollToTop.js": {"path":"/home/jakunzler/Documents/GitHub/mundo_precisa_pai/sistemas/web/src/components/ScrollToTop.js","statementMap":{"0":{"start":{"line":4,"column":20},"end":{"line":12,"column":1}},"1":{"start":{"line":5,"column":23},"end":{"line":5,"column":36}},"2":{"start":{"line":7,"column":2},"end":{"line":9,"column":17}},"3":{"start":{"line":8,"column":4},"end":{"line":8,"column":26}},"4":{"start":{"line":11,"column":2},"end":{"line":11,"column":14}}},"fnMap":{"0":{"name":"(anonymous_0)","decl":{"start":{"line":4,"column":20},"end":{"line":4,"column":21}},"loc":{"start":{"line":4,"column":26},"end":{"line":12,"column":1}},"line":4},"1":{"name":"(anonymous_1)","decl":{"start":{"line":7,"column":12},"end":{"line":7,"column":13}},"loc":{"start":{"line":7,"column":18},"end":{"line":9,"column":3}},"line":7}},"branchMap":{},"s":{"0":1,"1":2,"2":2,"3":2,"4":2},"f":{"0":2,"1":2},"b":{},"_coverageSchema":"1a1c01bbd47fc00a2c39e90264f33305004495a9","hash":"0cf3406ef4315d8c89defec939d80c789c3233a1"}
,"/home/jakunzler/Documents/GitHub/mundo_precisa_pai/sistemas/web/src/config/emailjs.js": {"path":"/home/jakunzler/Documents/GitHub/mundo_precisa_pai/sistemas/web/src/config/emailjs.js","statementMap":{"0":{"start":{"line":8,"column":30},"end":{"line":23,"column":1}}},"fnMap":{},"branchMap":{},"s":{"0":0},"f":{},"b":{}}
,"/home/jakunzler/Documents/GitHub/mundo_precisa_pai/sistemas/web/src/pages/About.js": {"path":"/home/jakunzler/Documents/GitHub/mundo_precisa_pai/sistemas/web/src/pages/About.js","statementMap":{"0":{"start":{"line":15,"column":23},"end":{"line":17,"column":1}},"1":{"start":{"line":19,"column":16},"end":{"line":27,"column":1}},"2":{"start":{"line":29,"column":20},"end":{"line":46,"column":1}},"3":{"start":{"line":48,"column":21},"end":{"line":52,"column":1}},"4":{"start":{"line":54,"column":24},"end":{"line":60,"column":1}},"5":{"start":{"line":62,"column":20},"end":{"line":72,"column":1}},"6":{"start":{"line":74,"column":20},"end":{"line":94,"column":1}},"7":{"start":{"line":96,"column":21},"end":{"line":106,"column":1}},"8":{"start":{"line":108,"column":19},"end":{"line":113,"column":1}},"9":{"start":{"line":115,"column":18},"end":{"line":143,"column":1}},"10":{"start":{"line":145,"column":20},"end":{"line":147,"column":1}},"11":{"start":{"line":149,"column":17},"end":{"line":153,"column":1}},"12":{"start":{"line":155,"column":17},"end":{"line":190,"column":1}},"13":{"start":{"line":192,"column":24},"end":{"line":194,"column":1}},"14":{"start":{"line":196,"column":17},"end":{"line":215,"column":1}},"15":{"start":{"line":217,"column":21},"end":{"line":259,"column":1}},"16":{"start":{"line":261,"column":24},"end":{"line":288,"column":1}},"17":{"start":{"line":290,"column":14},"end":{"line":531,"column":1}},"18":{"start":{"line":291,"column":24},"end":{"line":294,"column":4}},"19":{"start":{"line":296,"column":17},"end":{"line":317,"column":3}},"20":{"start":{"line":319,"column":15},"end":{"line":335,"column":3}},"21":{"start":{"line":337,"column":19},"end":{"line":363,"column":3}},"22":{"start":{"line":365,"column":2},"end":{"line":530,"column":4}},"23":{"start":{"line":438,"column":14},"end":{"line":447,"column":26}},"24":{"start":{"line":474,"column":14},"end":{"line":486,"column":25}},"25":{"start":{"line":513,"column":14},"end":{"line":524,"column":29}}},"fnMap":{"0":{"name":"(anonymous_0)","decl":{"start":{"line":290,"column":14},"end":{"line":290,"column":15}},"loc":{"start":{"line":290,"column":20},"end":{"line":531,"column":1}},"line":290},"1":{"name":"(anonymous_1)","decl":{"start":{"line":437,"column":24},"end":{"line":437,"column":25}},"loc":{"start":{"line":438,"column":14},"end":{"line":447,"column":26}},"line":438},"2":{"name":"(anonymous_2)","decl":{"start":{"line":473,"column":22},"end":{"line":473,"column":23}},"loc":{"start":{"line":474,"column":14},"end":{"line":486,"column":25}},"line":474},"3":{"name":"(anonymous_3)","decl":{"start":{"line":512,"column":26},"end":{"line":512,"column":27}},"loc":{"start":{"line":513,"column":14},"end":{"line":524,"column":29}},"line":513}},"branchMap":{"0":{"loc":{"start":{"line":394,"column":21},"end":{"line":394,"column":55}},"type":"cond-expr","locations":[{"start":{"line":394,"column":30},"end":{"line":394,"column":50}},{"start":{"line":394,"column":53},"end":{"line":394,"column":55}}],"line":394},"1":{"loc":{"start":{"line":434,"column":21},"end":{"line":434,"column":55}},"type":"cond-expr","locations":[{"start":{"line":434,"column":30},"end":{"line":434,"column":50}},{"start":{"line":434,"column":53},"end":{"line":434,"column":55}}],"line":434},"2":{"loc":{"start":{"line":441,"column":25},"end":{"line":441,"column":59}},"type":"cond-expr","locations":[{"start":{"line":441,"column":34},"end":{"line":441,"column":54}},{"start":{"line":441,"column":57},"end":{"line":441,"column":59}}],"line":441},"3":{"loc":{"start":{"line":470,"column":21},"end":{"line":470,"column":55}},"type":"cond-expr","locations":[{"start":{"line":470,"column":30},"end":{"line":470,"column":50}},{"start":{"line":470,"column":53},"end":{"line":470,"column":55}}],"line":470},"4":{"loc":{"start":{"line":477,"column":25},"end":{"line":477,"column":59}},"type":"cond-expr","locations":[{"start":{"line":477,"column":34},"end":{"line":477,"column":54}},{"start":{"line":477,"column":57},"end":{"line":477,"column":59}}],"line":477},"5":{"loc":{"start":{"line":509,"column":21},"end":{"line":509,"column":55}},"type":"cond-expr","locations":[{"start":{"line":509,"column":30},"end":{"line":509,"column":50}},{"start":{"line":509,"column":53},"end":{"line":509,"column":55}}],"line":509},"6":{"loc":{"start":{"line":515,"column":42},"end":{"line":515,"column":68}},"type":"cond-expr","locations":[{"start":{"line":515,"column":60},"end":{"line":515,"column":63}},{"start":{"line":515,"column":66},"end":{"line":515,"column":68}}],"line":515},"7":{"loc":{"start":{"line":516,"column":25},"end":{"line":516,"column":59}},"type":"cond-expr","locations":[{"start":{"line":516,"column":34},"end":{"line":516,"column":54}},{"start":{"line":516,"column":57},"end":{"line":516,"column":59}}],"line":516}},"s":{"0":0,"1":0,"2":0,"3":0,"4":0,"5":0,"6":0,"7":0,"8":0,"9":0,"10":0,"11":0,"12":0,"13":0,"14":0,"15":0,"16":0,"17":0,"18":0,"19":0,"20":0,"21":0,"22":0,"23":0,"24":0,"25":0},"f":{"0":0,"1":0,"2":0,"3":0},"b":{"0":[0,0],"1":[0,0],"2":[0,0],"3":[0,0],"4":[0,0],"5":[0,0],"6":[0,0],"7":[0,0]}}
,"/home/jakunzler/Documents/GitHub/mundo_precisa_pai/sistemas/web/src/pages/Bibliography.js": {"path":"/home/jakunzler/Documents/GitHub/mundo_precisa_pai/sistemas/web/src/pages/Bibliography.js","statementMap":{"0":{"start":{"line":15,"column":18},"end":{"line":19,"column":1}},"1":{"start":{"line":21,"column":16},"end":{"line":25,"column":1}},"2":{"start":{"line":27,"column":15},"end":{"line":30,"column":1}},"3":{"start":{"line":32,"column":14},"end":{"line":37,"column":1}},"4":{"start":{"line":39,"column":17},"end":{"line":45,"column":1}},"5":{"start":{"line":47,"column":22},"end":{"line":53,"column":1}},"6":{"start":{"line":55,"column":18},"end":{"line":63,"column":1}},"7":{"start":{"line":65,"column":20},"end":{"line":78,"column":1}},"8":{"start":{"line":80,"column":24},"end":{"line":88,"column":1}},"9":{"start":{"line":90,"column":21},"end":{"line":105,"column":1}},"10":{"start":{"line":93,"column":25},"end":{"line":93,"column":66}},"11":{"start":{"line":94,"column":20},"end":{"line":94,"column":55}},"12":{"start":{"line":107,"column":22},"end":{"line":112,"column":1}},"13":{"start":{"line":114,"column":21},"end":{"line":126,"column":1}},"14":{"start":{"line":128,"column":23},"end":{"line":133,"column":1}},"15":{"start":{"line":135,"column":21},"end":{"line":146,"column":1}},"16":{"start":{"line":148,"column":21},"end":{"line":150,"column":1}},"17":{"start":{"line":152,"column":22},"end":{"line":157,"column":1}},"18":{"start":{"line":159,"column":23},"end":{"line":163,"column":1}},"19":{"start":{"line":165,"column":21},"end":{"line":170,"column":1}},"20":{"start":{"line":172,"column":17},"end":{"line":178,"column":1}},"21":{"start":{"line":180,"column":28},"end":{"line":184,"column":1}},"22":{"start":{"line":186,"column":21},"end":{"line":191,"column":1}},"23":{"start":{"line":193,"column":13},"end":{"line":200,"column":1}},"24":{"start":{"line":202,"column":24},"end":{"line":209,"column":1}},"25":{"start":{"line":211,"column":21},"end":{"line":243,"column":1}},"26":{"start":{"line":245,"column":21},"end":{"line":251,"column":1}},"27":{"start":{"line":253,"column":18},"end":{"line":258,"column":1}},"28":{"start":{"line":260,"column":17},"end":{"line":262,"column":1}},"29":{"start":{"line":264,"column":19},"end":{"line":269,"column":1}},"30":{"start":{"line":271,"column":18},"end":{"line":274,"column":1}},"31":{"start":{"line":276,"column":21},"end":{"line":510,"column":1}},"32":{"start":{"line":277,"column":21},"end":{"line":277,"column":114}},"33":{"start":{"line":278,"column":50},"end":{"line":278,"column":73}},"34":{"start":{"line":279,"column":38},"end":{"line":279,"column":56}},"35":{"start":{"line":281,"column":20},"end":{"line":360,"column":3}},"36":{"start":{"line":362,"column":28},"end":{"line":368,"column":4}},"37":{"start":{"line":363,"column":28},"end":{"line":363,"column":100}},"38":{"start":{"line":364,"column":26},"end":{"line":366,"column":94}},"39":{"start":{"line":367,"column":4},"end":{"line":367,"column":44}},"40":{"start":{"line":370,"column":2},"end":{"line":509,"column":4}},"41":{"start":{"line":397,"column":33},"end":{"line":397,"column":62}},"42":{"start":{"line":403,"column":16},"end":{"line":409,"column":31}},"43":{"start":{"line":406,"column":33},"end":{"line":406,"column":62}},"44":{"start":{"line":416,"column":14},"end":{"line":464,"column":29}},"45":{"start":{"line":450,"column":20},"end":{"line":450,"column":48}}},"fnMap":{"0":{"name":"(anonymous_0)","decl":{"start":{"line":93,"column":16},"end":{"line":93,"column":17}},"loc":{"start":{"line":93,"column":25},"end":{"line":93,"column":66}},"line":93},"1":{"name":"(anonymous_1)","decl":{"start":{"line":94,"column":11},"end":{"line":94,"column":12}},"loc":{"start":{"line":94,"column":20},"end":{"line":94,"column":55}},"line":94},"2":{"name":"(anonymous_2)","decl":{"start":{"line":276,"column":21},"end":{"line":276,"column":22}},"loc":{"start":{"line":276,"column":27},"end":{"line":510,"column":1}},"line":276},"3":{"name":"(anonymous_3)","decl":{"start":{"line":362,"column":45},"end":{"line":362,"column":46}},"loc":{"start":{"line":362,"column":57},"end":{"line":368,"column":3}},"line":362},"4":{"name":"(anonymous_4)","decl":{"start":{"line":397,"column":26},"end":{"line":397,"column":27}},"loc":{"start":{"line":397,"column":33},"end":{"line":397,"column":62}},"line":397},"5":{"name":"(anonymous_5)","decl":{"start":{"line":402,"column":30},"end":{"line":402,"column":31}},"loc":{"start":{"line":403,"column":16},"end":{"line":409,"column":31}},"line":403},"6":{"name":"(anonymous_6)","decl":{"start":{"line":406,"column":27},"end":{"line":406,"column":28}},"loc":{"start":{"line":406,"column":33},"end":{"line":406,"column":62}},"line":406},"7":{"name":"(anonymous_7)","decl":{"start":{"line":415,"column":35},"end":{"line":415,"column":36}},"loc":{"start":{"line":416,"column":14},"end":{"line":464,"column":29}},"line":416},"8":{"name":"(anonymous_8)","decl":{"start":{"line":449,"column":37},"end":{"line":449,"column":38}},"loc":{"start":{"line":450,"column":20},"end":{"line":450,"column":48}},"line":450}},"branchMap":{"0":{"loc":{"start":{"line":93,"column":25},"end":{"line":93,"column":66}},"type":"cond-expr","locations":[{"start":{"line":93,"column":41},"end":{"line":93,"column":50}},{"start":{"line":93,"column":53},"end":{"line":93,"column":66}}],"line":93},"1":{"loc":{"start":{"line":94,"column":20},"end":{"line":94,"column":55}},"type":"cond-expr","locations":[{"start":{"line":94,"column":36},"end":{"line":94,"column":43}},{"start":{"line":94,"column":46},"end":{"line":94,"column":55}}],"line":94},"2":{"loc":{"start":{"line":363,"column":28},"end":{"line":363,"column":100}},"type":"binary-expr","locations":[{"start":{"line":363,"column":28},"end":{"line":363,"column":56}},{"start":{"line":363,"column":60},"end":{"line":363,"column":100}}],"line":363},"3":{"loc":{"start":{"line":364,"column":26},"end":{"line":366,"column":94}},"type":"binary-expr","locations":[{"start":{"line":364,"column":26},"end":{"line":364,"column":89}},{"start":{"line":365,"column":25},"end":{"line":365,"column":89}},{"start":{"line":366,"column":25},"end":{"line":366,"column":94}}],"line":364},"4":{"loc":{"start":{"line":367,"column":11},"end":{"line":367,"column":43}},"type":"binary-expr","locations":[{"start":{"line":367,"column":11},"end":{"line":367,"column":26}},{"start":{"line":367,"column":30},"end":{"line":367,"column":43}}],"line":367}},"s":{"0":1,"1":1,"2":1,"3":1,"4":1,"5":1,"6":1,"7":1,"8":1,"9":1,"10":0,"11":0,"12":1,"13":1,"14":1,"15":1,"16":1,"17":1,"18":1,"19":1,"20":1,"21":1,"22":1,"23":1,"24":1,"25":1,"26":1,"27":1,"28":1,"29":1,"30":1,"31":1,"32":0,"33":0,"34":0,"35":0,"36":0,"37":0,"38":0,"39":0,"40":0,"41":0,"42":0,"43":0,"44":0,"45":0},"f":{"0":0,"1":0,"2":0,"3":0,"4":0,"5":0,"6":0,"7":0,"8":0},"b":{"0":[0,0],"1":[0,0],"2":[0,0],"3":[0,0,0],"4":[0,0]},"_coverageSchema":"1a1c01bbd47fc00a2c39e90264f33305004495a9","hash":"424372f8d53bd97db7d79f23ca49a73896a494b0"}
,"/home/jakunzler/Documents/GitHub/mundo_precisa_pai/sistemas/web/src/pages/Community.js": {"path":"/home/jakunzler/Documents/GitHub/mundo_precisa_pai/sistemas/web/src/pages/Community.js","statementMap":{"0":{"start":{"line":19,"column":18},"end":{"line":23,"column":1}},"1":{"start":{"line":25,"column":16},"end":{"line":29,"column":1}},"2":{"start":{"line":31,"column":15},"end":{"line":35,"column":1}},"3":{"start":{"line":37,"column":14},"end":{"line":41,"column":1}},"4":{"start":{"line":43,"column":17},"end":{"line":49,"column":1}},"5":{"start":{"line":51,"column":22},"end":{"line":57,"column":1}},"6":{"start":{"line":59,"column":18},"end":{"line":67,"column":1}},"7":{"start":{"line":69,"column":20},"end":{"line":82,"column":1}},"8":{"start":{"line":84,"column":24},"end":{"line":92,"column":1}},"9":{"start":{"line":94,"column":21},"end":{"line":109,"column":1}},"10":{"start":{"line":97,"column":25},"end":{"line":97,"column":66}},"11":{"start":{"line":98,"column":20},"end":{"line":98,"column":55}},"12":{"start":{"line":111,"column":22},"end":{"line":116,"column":1}},"13":{"start":{"line":118,"column":22},"end":{"line":130,"column":1}},"14":{"start":{"line":132,"column":24},"end":{"line":138,"column":1}},"15":{"start":{"line":140,"column":22},"end":{"line":151,"column":1}},"16":{"start":{"line":153,"column":22},"end":{"line":157,"column":1}},"17":{"start":{"line":159,"column":29},"end":{"line":163,"column":1}},"18":{"start":{"line":165,"column":25},"end":{"line":167,"column":1}},"19":{"start":{"line":169,"column":23},"end":{"line":174,"column":1}},"20":{"start":{"line":176,"column":17},"end":{"line":181,"column":1}},"21":{"start":{"line":183,"column":19},"end":{"line":188,"column":1}},"22":{"start":{"line":190,"column":18},"end":{"line":193,"column":1}},"23":{"start":{"line":195,"column":22},"end":{"line":200,"column":1}},"24":{"start":{"line":202,"column":12},"end":{"line":209,"column":1}},"25":{"start":{"line":211,"column":25},"end":{"line":218,"column":1}},"26":{"start":{"line":220,"column":21},"end":{"line":264,"column":1}},"27":{"start":{"line":266,"column":24},"end":{"line":272,"column":1}},"28":{"start":{"line":274,"column":22},"end":{"line":279,"column":1}},"29":{"start":{"line":281,"column":26},"end":{"line":289,"column":1}},"30":{"start":{"line":291,"column":24},"end":{"line":294,"column":1}},"31":{"start":{"line":296,"column":30},"end":{"line":300,"column":1}},"32":{"start":{"line":302,"column":37},"end":{"line":309,"column":1}},"33":{"start":{"line":311,"column":22},"end":{"line":317,"column":1}},"34":{"start":{"line":319,"column":20},"end":{"line":324,"column":1}},"35":{"start":{"line":326,"column":19},"end":{"line":330,"column":1}},"36":{"start":{"line":332,"column":18},"end":{"line":343,"column":1}},"37":{"start":{"line":345,"column":20},"end":{"line":350,"column":1}},"38":{"start":{"line":352,"column":18},"end":{"line":362,"column":1}},"39":{"start":{"line":364,"column":18},"end":{"line":366,"column":1}},"40":{"start":{"line":368,"column":18},"end":{"line":373,"column":1}},"41":{"start":{"line":375,"column":19},"end":{"line":380,"column":1}},"42":{"start":{"line":382,"column":21},"end":{"line":388,"column":1}},"43":{"start":{"line":390,"column":18},"end":{"line":395,"column":1}},"44":{"start":{"line":397,"column":22},"end":{"line":399,"column":1}},"45":{"start":{"line":401,"column":24},"end":{"line":406,"column":1}},"46":{"start":{"line":408,"column":23},"end":{"line":411,"column":1}},"47":{"start":{"line":413,"column":18},"end":{"line":723,"column":1}},"48":{"start":{"line":414,"column":21},"end":{"line":414,"column":96}},"49":{"start":{"line":415,"column":50},"end":{"line":415,"column":67}},"50":{"start":{"line":416,"column":38},"end":{"line":416,"column":50}},"51":{"start":{"line":418,"column":22},"end":{"line":491,"column":3}},"52":{"start":{"line":493,"column":17},"end":{"line":526,"column":3}},"53":{"start":{"line":528,"column":30},"end":{"line":533,"column":4}},"54":{"start":{"line":529,"column":28},"end":{"line":529,"column":101}},"55":{"start":{"line":530,"column":26},"end":{"line":531,"column":95}},"56":{"start":{"line":532,"column":4},"end":{"line":532,"column":44}},"57":{"start":{"line":535,"column":28},"end":{"line":535,"column":77}},"58":{"start":{"line":535,"column":58},"end":{"line":535,"column":76}},"59":{"start":{"line":537,"column":2},"end":{"line":722,"column":4}},"60":{"start":{"line":584,"column":33},"end":{"line":584,"column":62}},"61":{"start":{"line":590,"column":16},"end":{"line":596,"column":31}},"62":{"start":{"line":593,"column":33},"end":{"line":593,"column":62}},"63":{"start":{"line":602,"column":53},"end":{"line":602,"column":72}},"64":{"start":{"line":603,"column":14},"end":{"line":652,"column":30}},"65":{"start":{"line":635,"column":22},"end":{"line":635,"column":48}},"66":{"start":{"line":677,"column":16},"end":{"line":693,"column":28}}},"fnMap":{"0":{"name":"(anonymous_0)","decl":{"start":{"line":97,"column":16},"end":{"line":97,"column":17}},"loc":{"start":{"line":97,"column":25},"end":{"line":97,"column":66}},"line":97},"1":{"name":"(anonymous_1)","decl":{"start":{"line":98,"column":11},"end":{"line":98,"column":12}},"loc":{"start":{"line":98,"column":20},"end":{"line":98,"column":55}},"line":98},"2":{"name":"(anonymous_2)","decl":{"start":{"line":413,"column":18},"end":{"line":413,"column":19}},"loc":{"start":{"line":413,"column":24},"end":{"line":723,"column":1}},"line":413},"3":{"name":"(anonymous_3)","decl":{"start":{"line":528,"column":49},"end":{"line":528,"column":50}},"loc":{"start":{"line":528,"column":62},"end":{"line":533,"column":3}},"line":528},"4":{"name":"(anonymous_4)","decl":{"start":{"line":535,"column":45},"end":{"line":535,"column":46}},"loc":{"start":{"line":535,"column":58},"end":{"line":535,"column":76}},"line":535},"5":{"name":"(anonymous_5)","decl":{"start":{"line":584,"column":26},"end":{"line":584,"column":27}},"loc":{"start":{"line":584,"column":33},"end":{"line":584,"column":62}},"line":584},"6":{"name":"(anonymous_6)","decl":{"start":{"line":589,"column":30},"end":{"line":589,"column":31}},"loc":{"start":{"line":590,"column":16},"end":{"line":596,"column":31}},"line":590},"7":{"name":"(anonymous_7)","decl":{"start":{"line":593,"column":27},"end":{"line":593,"column":28}},"loc":{"start":{"line":593,"column":33},"end":{"line":593,"column":62}},"line":593},"8":{"name":"(anonymous_8)","decl":{"start":{"line":602,"column":40},"end":{"line":602,"column":41}},"loc":{"start":{"line":602,"column":53},"end":{"line":602,"column":72}},"line":602},"9":{"name":"(anonymous_9)","decl":{"start":{"line":602,"column":78},"end":{"line":602,"column":79}},"loc":{"start":{"line":603,"column":14},"end":{"line":652,"column":30}},"line":603},"10":{"name":"(anonymous_10)","decl":{"start":{"line":634,"column":40},"end":{"line":634,"column":41}},"loc":{"start":{"line":635,"column":22},"end":{"line":635,"column":48}},"line":635},"11":{"name":"(anonymous_11)","decl":{"start":{"line":676,"column":26},"end":{"line":676,"column":27}},"loc":{"start":{"line":677,"column":16},"end":{"line":693,"column":28}},"line":677}},"branchMap":{"0":{"loc":{"start":{"line":97,"column":25},"end":{"line":97,"column":66}},"type":"cond-expr","locations":[{"start":{"line":97,"column":41},"end":{"line":97,"column":50}},{"start":{"line":97,"column":53},"end":{"line":97,"column":66}}],"line":97},"1":{"loc":{"start":{"line":98,"column":20},"end":{"line":98,"column":55}},"type":"cond-expr","locations":[{"start":{"line":98,"column":36},"end":{"line":98,"column":43}},{"start":{"line":98,"column":46},"end":{"line":98,"column":55}}],"line":98},"2":{"loc":{"start":{"line":529,"column":28},"end":{"line":529,"column":101}},"type":"binary-expr","locations":[{"start":{"line":529,"column":28},"end":{"line":529,"column":56}},{"start":{"line":529,"column":60},"end":{"line":529,"column":101}}],"line":529},"3":{"loc":{"start":{"line":530,"column":26},"end":{"line":531,"column":95}},"type":"binary-expr","locations":[{"start":{"line":530,"column":26},"end":{"line":530,"column":89}},{"start":{"line":531,"column":25},"end":{"line":531,"column":95}}],"line":530},"4":{"loc":{"start":{"line":532,"column":11},"end":{"line":532,"column":43}},"type":"binary-expr","locations":[{"start":{"line":532,"column":11},"end":{"line":532,"column":26}},{"start":{"line":532,"column":30},"end":{"line":532,"column":43}}],"line":532},"5":{"loc":{"start":{"line":558,"column":11},"end":{"line":576,"column":11}},"type":"binary-expr","locations":[{"start":{"line":558,"column":11},"end":{"line":558,"column":28}},{"start":{"line":559,"column":12},"end":{"line":575,"column":30}}],"line":558}},"s":{"0":1,"1":1,"2":1,"3":1,"4":1,"5":1,"6":1,"7":1,"8":1,"9":1,"10":0,"11":0,"12":1,"13":1,"14":1,"15":1,"16":1,"17":1,"18":1,"19":1,"20":1,"21":1,"22":1,"23":1,"24":1,"25":1,"26":1,"27":1,"28":1,"29":1,"30":1,"31":1,"32":1,"33":1,"34":1,"35":1,"36":1,"37":1,"38":1,"39":1,"40":1,"41":1,"42":1,"43":1,"44":1,"45":1,"46":1,"47":1,"48":0,"49":0,"50":0,"51":0,"52":0,"53":0,"54":0,"55":0,"56":0,"57":0,"58":0,"59":0,"60":0,"61":0,"62":0,"63":0,"64":0,"65":0,"66":0},"f":{"0":0,"1":0,"2":0,"3":0,"4":0,"5":0,"6":0,"7":0,"8":0,"9":0,"10":0,"11":0},"b":{"0":[0,0],"1":[0,0],"2":[0,0],"3":[0,0],"4":[0,0],"5":[0,0]},"_coverageSchema":"1a1c01bbd47fc00a2c39e90264f33305004495a9","hash":"655066de8e1cddc2f3206c8fe341ec877d8cfa37"}
,"/home/jakunzler/Documents/GitHub/mundo_precisa_pai/sistemas/web/src/pages/Contact.js": {"path":"/home/jakunzler/Documents/GitHub/mundo_precisa_pai/sistemas/web/src/pages/Contact.js","statementMap":{"0":{"start":{"line":14,"column":25},"end":{"line":29,"column":1}},"1":{"start":{"line":31,"column":16},"end":{"line":34,"column":1}},"2":{"start":{"line":36,"column":15},"end":{"line":47,"column":1}},"3":{"start":{"line":49,"column":14},"end":{"line":54,"column":1}},"4":{"start":{"line":56,"column":17},"end":{"line":62,"column":1}},"5":{"start":{"line":64,"column":20},"end":{"line":80,"column":1}},"6":{"start":{"line":82,"column":20},"end":{"line":96,"column":1}},"7":{"start":{"line":98,"column":25},"end":{"line":103,"column":1}},"8":{"start":{"line":105,"column":20},"end":{"line":124,"column":1}},"9":{"start":{"line":126,"column":20},"end":{"line":141,"column":1}},"10":{"start":{"line":143,"column":23},"end":{"line":145,"column":1}},"11":{"start":{"line":147,"column":21},"end":{"line":152,"column":1}},"12":{"start":{"line":154,"column":21},"end":{"line":158,"column":1}},"13":{"start":{"line":160,"column":21},"end":{"line":174,"column":1}},"14":{"start":{"line":176,"column":17},"end":{"line":181,"column":1}},"15":{"start":{"line":183,"column":23},"end":{"line":198,"column":1}},"16":{"start":{"line":200,"column":20},"end":{"line":334,"column":1}},"17":{"start":{"line":201,"column":22},"end":{"line":226,"column":3}},"18":{"start":{"line":228,"column":2},"end":{"line":333,"column":4}},"19":{"start":{"line":264,"column":38},"end":{"line":264,"column":47}},"20":{"start":{"line":265,"column":16},"end":{"line":290,"column":18}}},"fnMap":{"0":{"name":"(anonymous_0)","decl":{"start":{"line":200,"column":20},"end":{"line":200,"column":21}},"loc":{"start":{"line":200,"column":26},"end":{"line":334,"column":1}},"line":200},"1":{"name":"(anonymous_1)","decl":{"start":{"line":263,"column":31},"end":{"line":263,"column":32}},"loc":{"start":{"line":263,"column":48},"end":{"line":291,"column":15}},"line":263}},"branchMap":{"0":{"loc":{"start":{"line":272,"column":23},"end":{"line":287,"column":23}},"type":"cond-expr","locations":[{"start":{"line":273,"column":24},"end":{"line":284,"column":39}},{"start":{"line":286,"column":24},"end":{"line":286,"column":65}}],"line":272}},"s":{"0":0,"1":0,"2":0,"3":0,"4":0,"5":0,"6":0,"7":0,"8":0,"9":0,"10":0,"11":0,"12":0,"13":0,"14":0,"15":0,"16":0,"17":0,"18":0,"19":0,"20":0},"f":{"0":0,"1":0},"b":{"0":[0,0]}}
,"/home/jakunzler/Documents/GitHub/mundo_precisa_pai/sistemas/web/src/pages/Cowork.js": {"path":"/home/jakunzler/Documents/GitHub/mundo_precisa_pai/sistemas/web/src/pages/Cowork.js","statementMap":{"0":{"start":{"line":18,"column":24},"end":{"line":20,"column":1}},"1":{"start":{"line":22,"column":16},"end":{"line":30,"column":1}},"2":{"start":{"line":32,"column":20},"end":{"line":49,"column":1}},"3":{"start":{"line":51,"column":21},"end":{"line":55,"column":1}},"4":{"start":{"line":57,"column":24},"end":{"line":63,"column":1}},"5":{"start":{"line":65,"column":26},"end":{"line":70,"column":1}},"6":{"start":{"line":72,"column":24},"end":{"line":100,"column":1}},"7":{"start":{"line":102,"column":25},"end":{"line":106,"column":1}},"8":{"start":{"line":108,"column":24},"end":{"line":120,"column":1}},"9":{"start":{"line":122,"column":20},"end":{"line":139,"column":1}},"10":{"start":{"line":141,"column":27},"end":{"line":143,"column":1}},"11":{"start":{"line":145,"column":24},"end":{"line":149,"column":1}},"12":{"start":{"line":151,"column":24},"end":{"line":174,"column":1}},"13":{"start":{"line":176,"column":23},"end":{"line":179,"column":1}},"14":{"start":{"line":181,"column":20},"end":{"line":186,"column":1}},"15":{"start":{"line":188,"column":18},"end":{"line":192,"column":1}},"16":{"start":{"line":194,"column":14},"end":{"line":197,"column":1}},"17":{"start":{"line":199,"column":14},"end":{"line":210,"column":1}},"18":{"start":{"line":212,"column":15},"end":{"line":223,"column":1}},"19":{"start":{"line":225,"column":17},"end":{"line":238,"column":1}},"20":{"start":{"line":240,"column":21},"end":{"line":254,"column":1}},"21":{"start":{"line":256,"column":15},"end":{"line":534,"column":1}},"22":{"start":{"line":257,"column":24},"end":{"line":260,"column":4}},"23":{"start":{"line":262,"column":24},"end":{"line":307,"column":3}},"24":{"start":{"line":309,"column":23},"end":{"line":325,"column":3}},"25":{"start":{"line":327,"column":23},"end":{"line":331,"column":3}},"26":{"start":{"line":328,"column":4},"end":{"line":328,"column":23}},"27":{"start":{"line":330,"column":4},"end":{"line":330,"column":38}},"28":{"start":{"line":333,"column":2},"end":{"line":533,"column":4}},"29":{"start":{"line":382,"column":14},"end":{"line":406,"column":32}},"30":{"start":{"line":393,"column":20},"end":{"line":396,"column":38}},"31":{"start":{"line":458,"column":14},"end":{"line":467,"column":32}}},"fnMap":{"0":{"name":"(anonymous_0)","decl":{"start":{"line":256,"column":15},"end":{"line":256,"column":16}},"loc":{"start":{"line":256,"column":21},"end":{"line":534,"column":1}},"line":256},"1":{"name":"(anonymous_1)","decl":{"start":{"line":327,"column":23},"end":{"line":327,"column":24}},"loc":{"start":{"line":327,"column":30},"end":{"line":331,"column":3}},"line":327},"2":{"name":"(anonymous_2)","decl":{"start":{"line":381,"column":31},"end":{"line":381,"column":32}},"loc":{"start":{"line":382,"column":14},"end":{"line":406,"column":32}},"line":382},"3":{"name":"(anonymous_3)","decl":{"start":{"line":392,"column":48},"end":{"line":392,"column":49}},"loc":{"start":{"line":393,"column":20},"end":{"line":396,"column":38}},"line":393},"4":{"name":"(anonymous_4)","decl":{"start":{"line":457,"column":30},"end":{"line":457,"column":31}},"loc":{"start":{"line":458,"column":14},"end":{"line":467,"column":32}},"line":458}},"branchMap":{"0":{"loc":{"start":{"line":378,"column":21},"end":{"line":378,"column":55}},"type":"cond-expr","locations":[{"start":{"line":378,"column":30},"end":{"line":378,"column":50}},{"start":{"line":378,"column":53},"end":{"line":378,"column":55}}],"line":378},"1":{"loc":{"start":{"line":385,"column":25},"end":{"line":385,"column":59}},"type":"cond-expr","locations":[{"start":{"line":385,"column":34},"end":{"line":385,"column":54}},{"start":{"line":385,"column":57},"end":{"line":385,"column":59}}],"line":385},"2":{"loc":{"start":{"line":454,"column":21},"end":{"line":454,"column":55}},"type":"cond-expr","locations":[{"start":{"line":454,"column":30},"end":{"line":454,"column":50}},{"start":{"line":454,"column":53},"end":{"line":454,"column":55}}],"line":454},"3":{"loc":{"start":{"line":461,"column":25},"end":{"line":461,"column":59}},"type":"cond-expr","locations":[{"start":{"line":461,"column":34},"end":{"line":461,"column":54}},{"start":{"line":461,"column":57},"end":{"line":461,"column":59}}],"line":461},"4":{"loc":{"start":{"line":491,"column":21},"end":{"line":491,"column":55}},"type":"cond-expr","locations":[{"start":{"line":491,"column":30},"end":{"line":491,"column":50}},{"start":{"line":491,"column":53},"end":{"line":491,"column":55}}],"line":491}},"s":{"0":0,"1":0,"2":0,"3":0,"4":0,"5":0,"6":0,"7":0,"8":0,"9":0,"10":0,"11":0,"12":0,"13":0,"14":0,"15":0,"16":0,"17":0,"18":0,"19":0,"20":0,"21":0,"22":0,"23":0,"24":0,"25":0,"26":0,"27":0,"28":0,"29":0,"30":0,"31":0},"f":{"0":0,"1":0,"2":0,"3":0,"4":0},"b":{"0":[0,0],"1":[0,0],"2":[0,0],"3":[0,0],"4":[0,0]}}
,"/home/jakunzler/Documents/GitHub/mundo_precisa_pai/sistemas/web/src/pages/Events.js": {"path":"/home/jakunzler/Documents/GitHub/mundo_precisa_pai/sistemas/web/src/pages/Events.js","statementMap":{"0":{"start":{"line":14,"column":18},"end":{"line":18,"column":1}},"1":{"start":{"line":20,"column":16},"end":{"line":24,"column":1}},"2":{"start":{"line":26,"column":15},"end":{"line":30,"column":1}},"3":{"start":{"line":32,"column":14},"end":{"line":36,"column":1}},"4":{"start":{"line":38,"column":17},"end":{"line":44,"column":1}},"5":{"start":{"line":46,"column":22},"end":{"line":52,"column":1}},"6":{"start":{"line":54,"column":18},"end":{"line":62,"column":1}},"7":{"start":{"line":64,"column":20},"end":{"line":77,"column":1}},"8":{"start":{"line":79,"column":24},"end":{"line":87,"column":1}},"9":{"start":{"line":89,"column":21},"end":{"line":104,"column":1}},"10":{"start":{"line":92,"column":25},"end":{"line":92,"column":66}},"11":{"start":{"line":93,"column":20},"end":{"line":93,"column":55}},"12":{"start":{"line":106,"column":19},"end":{"line":111,"column":1}},"13":{"start":{"line":113,"column":18},"end":{"line":125,"column":1}},"14":{"start":{"line":127,"column":19},"end":{"line":136,"column":1}},"15":{"start":{"line":138,"column":19},"end":{"line":154,"column":1}},"16":{"start":{"line":143,"column":4},"end":{"line":143,"column":51}},"17":{"start":{"line":143,"column":34},"end":{"line":143,"column":51}},"18":{"start":{"line":144,"column":4},"end":{"line":144,"column":55}},"19":{"start":{"line":144,"column":38},"end":{"line":144,"column":55}},"20":{"start":{"line":145,"column":4},"end":{"line":145,"column":52}},"21":{"start":{"line":145,"column":35},"end":{"line":145,"column":52}},"22":{"start":{"line":146,"column":4},"end":{"line":146,"column":21}},"23":{"start":{"line":156,"column":21},"end":{"line":158,"column":1}},"24":{"start":{"line":160,"column":19},"end":{"line":166,"column":1}},"25":{"start":{"line":168,"column":25},"end":{"line":172,"column":1}},"26":{"start":{"line":174,"column":18},"end":{"line":179,"column":1}},"27":{"start":{"line":181,"column":17},"end":{"line":187,"column":1}},"28":{"start":{"line":189,"column":18},"end":{"line":194,"column":1}},"29":{"start":{"line":196,"column":12},"end":{"line":203,"column":1}},"30":{"start":{"line":205,"column":21},"end":{"line":213,"column":1}},"31":{"start":{"line":215,"column":21},"end":{"line":259,"column":1}},"32":{"start":{"line":261,"column":24},"end":{"line":267,"column":1}},"33":{"start":{"line":269,"column":22},"end":{"line":274,"column":1}},"34":{"start":{"line":276,"column":22},"end":{"line":295,"column":1}},"35":{"start":{"line":297,"column":24},"end":{"line":300,"column":1}},"36":{"start":{"line":302,"column":27},"end":{"line":306,"column":1}},"37":{"start":{"line":308,"column":33},"end":{"line":315,"column":1}},"38":{"start":{"line":317,"column":21},"end":{"line":323,"column":1}},"39":{"start":{"line":325,"column":18},"end":{"line":330,"column":1}},"40":{"start":{"line":332,"column":17},"end":{"line":334,"column":1}},"41":{"start":{"line":336,"column":19},"end":{"line":341,"column":1}},"42":{"start":{"line":343,"column":18},"end":{"line":346,"column":1}},"43":{"start":{"line":348,"column":15},"end":{"line":617,"column":1}},"44":{"start":{"line":349,"column":21},"end":{"line":349,"column":96}},"45":{"start":{"line":350,"column":50},"end":{"line":350,"column":67}},"46":{"start":{"line":351,"column":38},"end":{"line":351,"column":50}},"47":{"start":{"line":353,"column":17},"end":{"line":438,"column":3}},"48":{"start":{"line":440,"column":25},"end":{"line":446,"column":4}},"49":{"start":{"line":441,"column":28},"end":{"line":441,"column":97}},"50":{"start":{"line":442,"column":26},"end":{"line":444,"column":88}},"51":{"start":{"line":445,"column":4},"end":{"line":445,"column":44}},"52":{"start":{"line":448,"column":24},"end":{"line":448,"column":60}},"53":{"start":{"line":448,"column":45},"end":{"line":448,"column":59}},"54":{"start":{"line":450,"column":2},"end":{"line":616,"column":4}},"55":{"start":{"line":497,"column":33},"end":{"line":497,"column":62}},"56":{"start":{"line":503,"column":16},"end":{"line":509,"column":31}},"57":{"start":{"line":506,"column":33},"end":{"line":506,"column":62}},"58":{"start":{"line":515,"column":44},"end":{"line":515,"column":59}},"59":{"start":{"line":516,"column":14},"end":{"line":571,"column":26}},"60":{"start":{"line":554,"column":22},"end":{"line":554,"column":48}}},"fnMap":{"0":{"name":"(anonymous_0)","decl":{"start":{"line":92,"column":16},"end":{"line":92,"column":17}},"loc":{"start":{"line":92,"column":25},"end":{"line":92,"column":66}},"line":92},"1":{"name":"(anonymous_1)","decl":{"start":{"line":93,"column":11},"end":{"line":93,"column":12}},"loc":{"start":{"line":93,"column":20},"end":{"line":93,"column":55}},"line":93},"2":{"name":"(anonymous_2)","decl":{"start":{"line":142,"column":16},"end":{"line":142,"column":17}},"loc":{"start":{"line":142,"column":25},"end":{"line":147,"column":3}},"line":142},"3":{"name":"(anonymous_3)","decl":{"start":{"line":348,"column":15},"end":{"line":348,"column":16}},"loc":{"start":{"line":348,"column":21},"end":{"line":617,"column":1}},"line":348},"4":{"name":"(anonymous_4)","decl":{"start":{"line":440,"column":39},"end":{"line":440,"column":40}},"loc":{"start":{"line":440,"column":48},"end":{"line":446,"column":3}},"line":440},"5":{"name":"(anonymous_5)","decl":{"start":{"line":448,"column":36},"end":{"line":448,"column":37}},"loc":{"start":{"line":448,"column":45},"end":{"line":448,"column":59}},"line":448},"6":{"name":"(anonymous_6)","decl":{"start":{"line":497,"column":26},"end":{"line":497,"column":27}},"loc":{"start":{"line":497,"column":33},"end":{"line":497,"column":62}},"line":497},"7":{"name":"(anonymous_7)","decl":{"start":{"line":502,"column":30},"end":{"line":502,"column":31}},"loc":{"start":{"line":503,"column":16},"end":{"line":509,"column":31}},"line":503},"8":{"name":"(anonymous_8)","decl":{"start":{"line":506,"column":27},"end":{"line":506,"column":28}},"loc":{"start":{"line":506,"column":33},"end":{"line":506,"column":62}},"line":506},"9":{"name":"(anonymous_9)","decl":{"start":{"line":515,"column":35},"end":{"line":515,"column":36}},"loc":{"start":{"line":515,"column":44},"end":{"line":515,"column":59}},"line":515},"10":{"name":"(anonymous_10)","decl":{"start":{"line":515,"column":65},"end":{"line":515,"column":66}},"loc":{"start":{"line":516,"column":14},"end":{"line":571,"column":26}},"line":516},"11":{"name":"(anonymous_11)","decl":{"start":{"line":553,"column":36},"end":{"line":553,"column":37}},"loc":{"start":{"line":554,"column":22},"end":{"line":554,"column":48}},"line":554}},"branchMap":{"0":{"loc":{"start":{"line":92,"column":25},"end":{"line":92,"column":66}},"type":"cond-expr","locations":[{"start":{"line":92,"column":41},"end":{"line":92,"column":50}},{"start":{"line":92,"column":53},"end":{"line":92,"column":66}}],"line":92},"1":{"loc":{"start":{"line":93,"column":20},"end":{"line":93,"column":55}},"type":"cond-expr","locations":[{"start":{"line":93,"column":36},"end":{"line":93,"column":43}},{"start":{"line":93,"column":46},"end":{"line":93,"column":55}}],"line":93},"2":{"loc":{"start":{"line":143,"column":4},"end":{"line":143,"column":51}},"type":"if","locations":[{"start":{"line":143,"column":4},"end":{"line":143,"column":51}},{"start":{},"end":{}}],"line":143},"3":{"loc":{"start":{"line":144,"column":4},"end":{"line":144,"column":55}},"type":"if","locations":[{"start":{"line":144,"column":4},"end":{"line":144,"column":55}},{"start":{},"end":{}}],"line":144},"4":{"loc":{"start":{"line":145,"column":4},"end":{"line":145,"column":52}},"type":"if","locations":[{"start":{"line":145,"column":4},"end":{"line":145,"column":52}},{"start":{},"end":{}}],"line":145},"5":{"loc":{"start":{"line":441,"column":28},"end":{"line":441,"column":97}},"type":"binary-expr","locations":[{"start":{"line":441,"column":28},"end":{"line":441,"column":56}},{"start":{"line":441,"column":60},"end":{"line":441,"column":97}}],"line":441},"6":{"loc":{"start":{"line":442,"column":26},"end":{"line":444,"column":88}},"type":"binary-expr","locations":[{"start":{"line":442,"column":26},"end":{"line":442,"column":86}},{"start":{"line":443,"column":25},"end":{"line":443,"column":91}},{"start":{"line":444,"column":25},"end":{"line":444,"column":88}}],"line":442},"7":{"loc":{"start":{"line":445,"column":11},"end":{"line":445,"column":43}},"type":"binary-expr","locations":[{"start":{"line":445,"column":11},"end":{"line":445,"column":26}},{"start":{"line":445,"column":30},"end":{"line":445,"column":43}}],"line":445},"8":{"loc":{"start":{"line":471,"column":11},"end":{"line":489,"column":11}},"type":"binary-expr","locations":[{"start":{"line":471,"column":11},"end":{"line":471,"column":24}},{"start":{"line":472,"column":12},"end":{"line":488,"column":30}}],"line":471}},"s":{"0":1,"1":1,"2":1,"3":1,"4":1,"5":1,"6":1,"7":1,"8":1,"9":1,"10":0,"11":0,"12":1,"13":1,"14":1,"15":1,"16":0,"17":0,"18":0,"19":0,"20":0,"21":0,"22":0,"23":1,"24":1,"25":1,"26":1,"27":1,"28":1,"29":1,"30":1,"31":1,"32":1,"33":1,"34":1,"35":1,"36":1,"37":1,"38":1,"39":1,"40":1,"41":1,"42":1,"43":1,"44":0,"45":0,"46":0,"47":0,"48":0,"49":0,"50":0,"51":0,"52":0,"53":0,"54":0,"55":0,"56":0,"57":0,"58":0,"59":0,"60":0},"f":{"0":0,"1":0,"2":0,"3":0,"4":0,"5":0,"6":0,"7":0,"8":0,"9":0,"10":0,"11":0},"b":{"0":[0,0],"1":[0,0],"2":[0,0],"3":[0,0],"4":[0,0],"5":[0,0],"6":[0,0,0],"7":[0,0],"8":[0,0]},"_coverageSchema":"1a1c01bbd47fc00a2c39e90264f33305004495a9","hash":"02aa3030ae79877dd501a08e45d8d9671bf4e4ef"}
,"/home/jakunzler/Documents/GitHub/mundo_precisa_pai/sistemas/web/src/pages/Home.js": {"path":"/home/jakunzler/Documents/GitHub/mundo_precisa_pai/sistemas/web/src/pages/Home.js","statementMap":{"0":{"start":{"line":17,"column":22},"end":{"line":19,"column":1}},"1":{"start":{"line":21,"column":16},"end":{"line":29,"column":1}},"2":{"start":{"line":31,"column":21},"end":{"line":35,"column":1}},"3":{"start":{"line":37,"column":24},"end":{"line":43,"column":1}},"4":{"start":{"line":45,"column":20},"end":{"line":62,"column":1}},"5":{"start":{"line":64,"column":21},"end":{"line":69,"column":1}},"6":{"start":{"line":71,"column":20},"end":{"line":99,"column":1}},"7":{"start":{"line":101,"column":21},"end":{"line":103,"column":1}},"8":{"start":{"line":105,"column":18},"end":{"line":109,"column":1}},"9":{"start":{"line":111,"column":17},"end":{"line":128,"column":1}},"10":{"start":{"line":130,"column":22},"end":{"line":132,"column":1}},"11":{"start":{"line":134,"column":19},"end":{"line":138,"column":1}},"12":{"start":{"line":140,"column":18},"end":{"line":150,"column":1}},"13":{"start":{"line":152,"column":19},"end":{"line":160,"column":1}},"14":{"start":{"line":162,"column":21},"end":{"line":174,"column":1}},"15":{"start":{"line":176,"column":18},"end":{"line":187,"column":1}},"16":{"start":{"line":189,"column":18},"end":{"line":206,"column":1}},"17":{"start":{"line":208,"column":13},"end":{"line":456,"column":1}},"18":{"start":{"line":209,"column":24},"end":{"line":212,"column":4}},"19":{"start":{"line":214,"column":19},"end":{"line":245,"column":3}},"20":{"start":{"line":247,"column":16},"end":{"line":252,"column":3}},"21":{"start":{"line":254,"column":17},"end":{"line":276,"column":3}},"22":{"start":{"line":278,"column":2},"end":{"line":455,"column":4}},"23":{"start":{"line":307,"column":27},"end":{"line":307,"column":64}},"24":{"start":{"line":337,"column":14},"end":{"line":346,"column":28}},"25":{"start":{"line":366,"column":14},"end":{"line":374,"column":25}},"26":{"start":{"line":418,"column":14},"end":{"line":449,"column":26}}},"fnMap":{"0":{"name":"(anonymous_0)","decl":{"start":{"line":208,"column":13},"end":{"line":208,"column":14}},"loc":{"start":{"line":208,"column":19},"end":{"line":456,"column":1}},"line":208},"1":{"name":"(anonymous_1)","decl":{"start":{"line":307,"column":21},"end":{"line":307,"column":22}},"loc":{"start":{"line":307,"column":27},"end":{"line":307,"column":64}},"line":307},"2":{"name":"(anonymous_2)","decl":{"start":{"line":336,"column":26},"end":{"line":336,"column":27}},"loc":{"start":{"line":337,"column":14},"end":{"line":346,"column":28}},"line":337},"3":{"name":"(anonymous_3)","decl":{"start":{"line":365,"column":23},"end":{"line":365,"column":24}},"loc":{"start":{"line":366,"column":14},"end":{"line":374,"column":25}},"line":366},"4":{"name":"(anonymous_4)","decl":{"start":{"line":417,"column":24},"end":{"line":417,"column":25}},"loc":{"start":{"line":418,"column":14},"end":{"line":449,"column":26}},"line":418}},"branchMap":{"0":{"loc":{"start":{"line":333,"column":21},"end":{"line":333,"column":55}},"type":"cond-expr","locations":[{"start":{"line":333,"column":30},"end":{"line":333,"column":50}},{"start":{"line":333,"column":53},"end":{"line":333,"column":55}}],"line":333},"1":{"loc":{"start":{"line":340,"column":25},"end":{"line":340,"column":59}},"type":"cond-expr","locations":[{"start":{"line":340,"column":34},"end":{"line":340,"column":54}},{"start":{"line":340,"column":57},"end":{"line":340,"column":59}}],"line":340},"2":{"loc":{"start":{"line":362,"column":21},"end":{"line":362,"column":55}},"type":"cond-expr","locations":[{"start":{"line":362,"column":30},"end":{"line":362,"column":50}},{"start":{"line":362,"column":53},"end":{"line":362,"column":55}}],"line":362},"3":{"loc":{"start":{"line":369,"column":25},"end":{"line":369,"column":63}},"type":"cond-expr","locations":[{"start":{"line":369,"column":34},"end":{"line":369,"column":58}},{"start":{"line":369,"column":61},"end":{"line":369,"column":63}}],"line":369},"4":{"loc":{"start":{"line":414,"column":21},"end":{"line":414,"column":55}},"type":"cond-expr","locations":[{"start":{"line":414,"column":30},"end":{"line":414,"column":50}},{"start":{"line":414,"column":53},"end":{"line":414,"column":55}}],"line":414},"5":{"loc":{"start":{"line":421,"column":25},"end":{"line":421,"column":59}},"type":"cond-expr","locations":[{"start":{"line":421,"column":34},"end":{"line":421,"column":54}},{"start":{"line":421,"column":57},"end":{"line":421,"column":59}}],"line":421},"6":{"loc":{"start":{"line":436,"column":21},"end":{"line":442,"column":21}},"type":"cond-expr","locations":[{"start":{"line":437,"column":22},"end":{"line":439,"column":26}},{"start":{"line":441,"column":22},"end":{"line":441,"column":51}}],"line":436}},"s":{"0":0,"1":0,"2":0,"3":0,"4":0,"5":0,"6":0,"7":0,"8":0,"9":0,"10":0,"11":0,"12":0,"13":0,"14":0,"15":0,"16":0,"17":0,"18":0,"19":0,"20":0,"21":0,"22":0,"23":0,"24":0,"25":0,"26":0},"f":{"0":0,"1":0,"2":0,"3":0,"4":0},"b":{"0":[0,0],"1":[0,0],"2":[0,0],"3":[0,0],"4":[0,0],"5":[0,0],"6":[0,0]}}
,"/home/jakunzler/Documents/GitHub/mundo_precisa_pai/sistemas/web/src/pages/LandingPage.js": {"path":"/home/jakunzler/Documents/GitHub/mundo_precisa_pai/sistemas/web/src/pages/LandingPage.js","statementMap":{"0":{"start":{"line":18,"column":25},"end":{"line":47,"column":1}},"1":{"start":{"line":49,"column":16},"end":{"line":67,"column":1}},"2":{"start":{"line":69,"column":18},"end":{"line":83,"column":1}},"3":{"start":{"line":85,"column":21},"end":{"line":101,"column":1}},"4":{"start":{"line":103,"column":18},"end":{"line":128,"column":1}},"5":{"start":{"line":130,"column":23},"end":{"line":150,"column":1}},"6":{"start":{"line":152,"column":17},"end":{"line":187,"column":1}},"7":{"start":{"line":189,"column":25},"end":{"line":197,"column":1}},"8":{"start":{"line":199,"column":24},"end":{"line":210,"column":1}},"9":{"start":{"line":212,"column":20},"end":{"line":376,"column":1}},"10":{"start":{"line":213,"column":16},"end":{"line":244,"column":3}},"11":{"start":{"line":246,"column":2},"end":{"line":375,"column":4}},"12":{"start":{"line":330,"column":14},"end":{"line":340,"column":25}}},"fnMap":{"0":{"name":"(anonymous_0)","decl":{"start":{"line":212,"column":20},"end":{"line":212,"column":21}},"loc":{"start":{"line":212,"column":26},"end":{"line":376,"column":1}},"line":212},"1":{"name":"(anonymous_1)","decl":{"start":{"line":329,"column":23},"end":{"line":329,"column":24}},"loc":{"start":{"line":330,"column":14},"end":{"line":340,"column":25}},"line":330}},"branchMap":{},"s":{"0":0,"1":0,"2":0,"3":0,"4":0,"5":0,"6":0,"7":0,"8":0,"9":0,"10":0,"11":0,"12":0},"f":{"0":0,"1":0},"b":{}}
,"/home/jakunzler/Documents/GitHub/mundo_precisa_pai/sistemas/web/src/pages/Mentoring.js": {"path":"/home/jakunzler/Documents/GitHub/mundo_precisa_pai/sistemas/web/src/pages/Mentoring.js","statementMap":{"0":{"start":{"line":15,"column":18},"end":{"line":19,"column":1}},"1":{"start":{"line":21,"column":16},"end":{"line":25,"column":1}},"2":{"start":{"line":27,"column":15},"end":{"line":31,"column":1}},"3":{"start":{"line":33,"column":14},"end":{"line":37,"column":1}},"4":{"start":{"line":39,"column":17},"end":{"line":45,"column":1}},"5":{"start":{"line":47,"column":22},"end":{"line":53,"column":1}},"6":{"start":{"line":55,"column":18},"end":{"line":63,"column":1}},"7":{"start":{"line":65,"column":20},"end":{"line":78,"column":1}},"8":{"start":{"line":80,"column":24},"end":{"line":88,"column":1}},"9":{"start":{"line":90,"column":21},"end":{"line":105,"column":1}},"10":{"start":{"line":93,"column":25},"end":{"line":93,"column":66}},"11":{"start":{"line":94,"column":20},"end":{"line":94,"column":55}},"12":{"start":{"line":107,"column":20},"end":{"line":112,"column":1}},"13":{"start":{"line":114,"column":19},"end":{"line":126,"column":1}},"14":{"start":{"line":128,"column":21},"end":{"line":134,"column":1}},"15":{"start":{"line":136,"column":21},"end":{"line":147,"column":1}},"16":{"start":{"line":149,"column":19},"end":{"line":153,"column":1}},"17":{"start":{"line":155,"column":20},"end":{"line":159,"column":1}},"18":{"start":{"line":161,"column":21},"end":{"line":168,"column":1}},"19":{"start":{"line":170,"column":22},"end":{"line":172,"column":1}},"20":{"start":{"line":174,"column":26},"end":{"line":178,"column":1}},"21":{"start":{"line":180,"column":24},"end":{"line":182,"column":1}},"22":{"start":{"line":184,"column":23},"end":{"line":189,"column":1}},"23":{"start":{"line":191,"column":22},"end":{"line":195,"column":1}},"24":{"start":{"line":197,"column":12},"end":{"line":204,"column":1}},"25":{"start":{"line":206,"column":20},"end":{"line":211,"column":1}},"26":{"start":{"line":213,"column":17},"end":{"line":218,"column":1}},"27":{"start":{"line":220,"column":19},"end":{"line":225,"column":1}},"28":{"start":{"line":227,"column":18},"end":{"line":230,"column":1}},"29":{"start":{"line":232,"column":22},"end":{"line":239,"column":1}},"30":{"start":{"line":241,"column":21},"end":{"line":285,"column":1}},"31":{"start":{"line":287,"column":24},"end":{"line":293,"column":1}},"32":{"start":{"line":295,"column":22},"end":{"line":300,"column":1}},"33":{"start":{"line":302,"column":23},"end":{"line":310,"column":1}},"34":{"start":{"line":312,"column":24},"end":{"line":315,"column":1}},"35":{"start":{"line":317,"column":27},"end":{"line":321,"column":1}},"36":{"start":{"line":323,"column":34},"end":{"line":330,"column":1}},"37":{"start":{"line":332,"column":21},"end":{"line":338,"column":1}},"38":{"start":{"line":340,"column":18},"end":{"line":345,"column":1}},"39":{"start":{"line":347,"column":22},"end":{"line":349,"column":1}},"40":{"start":{"line":351,"column":24},"end":{"line":356,"column":1}},"41":{"start":{"line":358,"column":23},"end":{"line":361,"column":1}},"42":{"start":{"line":363,"column":18},"end":{"line":618,"column":1}},"43":{"start":{"line":364,"column":21},"end":{"line":364,"column":114}},"44":{"start":{"line":365,"column":50},"end":{"line":365,"column":67}},"45":{"start":{"line":366,"column":38},"end":{"line":366,"column":50}},"46":{"start":{"line":368,"column":18},"end":{"line":436,"column":3}},"47":{"start":{"line":438,"column":26},"end":{"line":444,"column":4}},"48":{"start":{"line":439,"column":28},"end":{"line":439,"column":103}},"49":{"start":{"line":440,"column":26},"end":{"line":442,"column":92}},"50":{"start":{"line":443,"column":4},"end":{"line":443,"column":44}},"51":{"start":{"line":446,"column":25},"end":{"line":446,"column":64}},"52":{"start":{"line":446,"column":48},"end":{"line":446,"column":63}},"53":{"start":{"line":448,"column":2},"end":{"line":617,"column":4}},"54":{"start":{"line":495,"column":33},"end":{"line":495,"column":62}},"55":{"start":{"line":501,"column":16},"end":{"line":507,"column":31}},"56":{"start":{"line":504,"column":33},"end":{"line":504,"column":62}},"57":{"start":{"line":513,"column":46},"end":{"line":513,"column":62}},"58":{"start":{"line":514,"column":14},"end":{"line":572,"column":27}},"59":{"start":{"line":539,"column":24},"end":{"line":539,"column":54}}},"fnMap":{"0":{"name":"(anonymous_0)","decl":{"start":{"line":93,"column":16},"end":{"line":93,"column":17}},"loc":{"start":{"line":93,"column":25},"end":{"line":93,"column":66}},"line":93},"1":{"name":"(anonymous_1)","decl":{"start":{"line":94,"column":11},"end":{"line":94,"column":12}},"loc":{"start":{"line":94,"column":20},"end":{"line":94,"column":55}},"line":94},"2":{"name":"(anonymous_2)","decl":{"start":{"line":363,"column":18},"end":{"line":363,"column":19}},"loc":{"start":{"line":363,"column":24},"end":{"line":618,"column":1}},"line":363},"3":{"name":"(anonymous_3)","decl":{"start":{"line":438,"column":41},"end":{"line":438,"column":42}},"loc":{"start":{"line":438,"column":51},"end":{"line":444,"column":3}},"line":438},"4":{"name":"(anonymous_4)","decl":{"start":{"line":446,"column":38},"end":{"line":446,"column":39}},"loc":{"start":{"line":446,"column":48},"end":{"line":446,"column":63}},"line":446},"5":{"name":"(anonymous_5)","decl":{"start":{"line":495,"column":26},"end":{"line":495,"column":27}},"loc":{"start":{"line":495,"column":33},"end":{"line":495,"column":62}},"line":495},"6":{"name":"(anonymous_6)","decl":{"start":{"line":500,"column":30},"end":{"line":500,"column":31}},"loc":{"start":{"line":501,"column":16},"end":{"line":507,"column":31}},"line":501},"7":{"name":"(anonymous_7)","decl":{"start":{"line":504,"column":27},"end":{"line":504,"column":28}},"loc":{"start":{"line":504,"column":33},"end":{"line":504,"column":62}},"line":504},"8":{"name":"(anonymous_8)","decl":{"start":{"line":513,"column":36},"end":{"line":513,"column":37}},"loc":{"start":{"line":513,"column":46},"end":{"line":513,"column":62}},"line":513},"9":{"name":"(anonymous_9)","decl":{"start":{"line":513,"column":68},"end":{"line":513,"column":69}},"loc":{"start":{"line":514,"column":14},"end":{"line":572,"column":27}},"line":514},"10":{"name":"(anonymous_10)","decl":{"start":{"line":538,"column":44},"end":{"line":538,"column":45}},"loc":{"start":{"line":539,"column":24},"end":{"line":539,"column":54}},"line":539}},"branchMap":{"0":{"loc":{"start":{"line":93,"column":25},"end":{"line":93,"column":66}},"type":"cond-expr","locations":[{"start":{"line":93,"column":41},"end":{"line":93,"column":50}},{"start":{"line":93,"column":53},"end":{"line":93,"column":66}}],"line":93},"1":{"loc":{"start":{"line":94,"column":20},"end":{"line":94,"column":55}},"type":"cond-expr","locations":[{"start":{"line":94,"column":36},"end":{"line":94,"column":43}},{"start":{"line":94,"column":46},"end":{"line":94,"column":55}}],"line":94},"2":{"loc":{"start":{"line":439,"column":28},"end":{"line":439,"column":103}},"type":"binary-expr","locations":[{"start":{"line":439,"column":28},"end":{"line":439,"column":56}},{"start":{"line":439,"column":60},"end":{"line":439,"column":103}}],"line":439},"3":{"loc":{"start":{"line":440,"column":26},"end":{"line":442,"column":92}},"type":"binary-expr","locations":[{"start":{"line":440,"column":26},"end":{"line":440,"column":86}},{"start":{"line":441,"column":25},"end":{"line":441,"column":86}},{"start":{"line":442,"column":25},"end":{"line":442,"column":92}}],"line":440},"4":{"loc":{"start":{"line":443,"column":11},"end":{"line":443,"column":43}},"type":"binary-expr","locations":[{"start":{"line":443,"column":11},"end":{"line":443,"column":26}},{"start":{"line":443,"column":30},"end":{"line":443,"column":43}}],"line":443},"5":{"loc":{"start":{"line":469,"column":11},"end":{"line":487,"column":11}},"type":"binary-expr","locations":[{"start":{"line":469,"column":11},"end":{"line":469,"column":25}},{"start":{"line":470,"column":12},"end":{"line":486,"column":30}}],"line":469},"6":{"loc":{"start":{"line":554,"column":35},"end":{"line":554,"column":83}},"type":"cond-expr","locations":[{"start":{"line":554,"column":74},"end":{"line":554,"column":77}},{"start":{"line":554,"column":80},"end":{"line":554,"column":83}}],"line":554}},"s":{"0":1,"1":1,"2":1,"3":1,"4":1,"5":1,"6":1,"7":1,"8":1,"9":1,"10":0,"11":0,"12":1,"13":1,"14":1,"15":1,"16":1,"17":1,"18":1,"19":1,"20":1,"21":1,"22":1,"23":1,"24":1,"25":1,"26":1,"27":1,"28":1,"29":1,"30":1,"31":1,"32":1,"33":1,"34":1,"35":1,"36":1,"37":1,"38":1,"39":1,"40":1,"41":1,"42":1,"43":0,"44":0,"45":0,"46":0,"47":0,"48":0,"49":0,"50":0,"51":0,"52":0,"53":0,"54":0,"55":0,"56":0,"57":0,"58":0,"59":0},"f":{"0":0,"1":0,"2":0,"3":0,"4":0,"5":0,"6":0,"7":0,"8":0,"9":0,"10":0},"b":{"0":[0,0],"1":[0,0],"2":[0,0],"3":[0,0,0],"4":[0,0],"5":[0,0],"6":[0,0]},"_coverageSchema":"1a1c01bbd47fc00a2c39e90264f33305004495a9","hash":"21324a4ed499105f57335fe28a20e7974f6744ac"}
,"/home/jakunzler/Documents/GitHub/mundo_precisa_pai/sistemas/web/src/pages/Sponsorship.js": {"path":"/home/jakunzler/Documents/GitHub/mundo_precisa_pai/sistemas/web/src/pages/Sponsorship.js","statementMap":{"0":{"start":{"line":17,"column":29},"end":{"line":19,"column":1}},"1":{"start":{"line":21,"column":16},"end":{"line":29,"column":1}},"2":{"start":{"line":31,"column":20},"end":{"line":48,"column":1}},"3":{"start":{"line":50,"column":21},"end":{"line":54,"column":1}},"4":{"start":{"line":56,"column":24},"end":{"line":62,"column":1}},"5":{"start":{"line":64,"column":18},"end":{"line":69,"column":1}},"6":{"start":{"line":71,"column":17},"end":{"line":102,"column":1}},"7":{"start":{"line":85,"column":22},"end":{"line":101,"column":3}},"8":{"start":{"line":104,"column":17},"end":{"line":115,"column":1}},"9":{"start":{"line":114,"column":31},"end":{"line":114,"column":36}},"10":{"start":{"line":117,"column":18},"end":{"line":121,"column":1}},"11":{"start":{"line":123,"column":18},"end":{"line":133,"column":1}},"12":{"start":{"line":135,"column":24},"end":{"line":139,"column":1}},"13":{"start":{"line":141,"column":21},"end":{"line":146,"column":1}},"14":{"start":{"line":148,"column":20},"end":{"line":160,"column":1}},"15":{"start":{"line":162,"column":19},"end":{"line":183,"column":1}},"16":{"start":{"line":164,"column":4},"end":{"line":166,"column":21}},"17":{"start":{"line":168,"column":28},"end":{"line":168,"column":71}},"18":{"start":{"line":170,"column":4},"end":{"line":170,"column":56}},"19":{"start":{"line":185,"column":24},"end":{"line":187,"column":1}},"20":{"start":{"line":189,"column":21},"end":{"line":193,"column":1}},"21":{"start":{"line":195,"column":20},"end":{"line":218,"column":1}},"22":{"start":{"line":220,"column":23},"end":{"line":223,"column":1}},"23":{"start":{"line":225,"column":20},"end":{"line":230,"column":1}},"24":{"start":{"line":232,"column":18},"end":{"line":236,"column":1}},"25":{"start":{"line":238,"column":14},"end":{"line":241,"column":1}},"26":{"start":{"line":243,"column":14},"end":{"line":254,"column":1}},"27":{"start":{"line":256,"column":17},"end":{"line":269,"column":1}},"28":{"start":{"line":271,"column":21},"end":{"line":285,"column":1}},"29":{"start":{"line":287,"column":20},"end":{"line":565,"column":1}},"30":{"start":{"line":288,"column":24},"end":{"line":291,"column":4}},"31":{"start":{"line":293,"column":16},"end":{"line":344,"column":3}},"32":{"start":{"line":346,"column":19},"end":{"line":362,"column":3}},"33":{"start":{"line":364,"column":23},"end":{"line":368,"column":3}},"34":{"start":{"line":365,"column":4},"end":{"line":365,"column":23}},"35":{"start":{"line":367,"column":4},"end":{"line":367,"column":38}},"36":{"start":{"line":370,"column":2},"end":{"line":564,"column":4}},"37":{"start":{"line":419,"column":14},"end":{"line":449,"column":25}},"38":{"start":{"line":436,"column":20},"end":{"line":439,"column":34}},"39":{"start":{"line":501,"column":14},"end":{"line":510,"column":28}}},"fnMap":{"0":{"name":"(anonymous_0)","decl":{"start":{"line":85,"column":4},"end":{"line":85,"column":5}},"loc":{"start":{"line":85,"column":22},"end":{"line":101,"column":3}},"line":85},"1":{"name":"(anonymous_1)","decl":{"start":{"line":114,"column":16},"end":{"line":114,"column":17}},"loc":{"start":{"line":114,"column":31},"end":{"line":114,"column":36}},"line":114},"2":{"name":"(anonymous_2)","decl":{"start":{"line":163,"column":16},"end":{"line":163,"column":17}},"loc":{"start":{"line":164,"column":4},"end":{"line":166,"column":21}},"line":164},"3":{"name":"(anonymous_3)","decl":{"start":{"line":168,"column":11},"end":{"line":168,"column":12}},"loc":{"start":{"line":168,"column":28},"end":{"line":168,"column":71}},"line":168},"4":{"name":"(anonymous_4)","decl":{"start":{"line":169,"column":12},"end":{"line":169,"column":13}},"loc":{"start":{"line":170,"column":4},"end":{"line":170,"column":56}},"line":170},"5":{"name":"(anonymous_5)","decl":{"start":{"line":287,"column":20},"end":{"line":287,"column":21}},"loc":{"start":{"line":287,"column":26},"end":{"line":565,"column":1}},"line":287},"6":{"name":"(anonymous_6)","decl":{"start":{"line":364,"column":23},"end":{"line":364,"column":24}},"loc":{"start":{"line":364,"column":30},"end":{"line":368,"column":3}},"line":364},"7":{"name":"(anonymous_7)","decl":{"start":{"line":418,"column":23},"end":{"line":418,"column":24}},"loc":{"start":{"line":419,"column":14},"end":{"line":449,"column":25}},"line":419},"8":{"name":"(anonymous_8)","decl":{"start":{"line":435,"column":37},"end":{"line":435,"column":38}},"loc":{"start":{"line":436,"column":20},"end":{"line":439,"column":34}},"line":436},"9":{"name":"(anonymous_9)","decl":{"start":{"line":500,"column":26},"end":{"line":500,"column":27}},"loc":{"start":{"line":501,"column":14},"end":{"line":510,"column":28}},"line":501}},"branchMap":{"0":{"loc":{"start":{"line":85,"column":22},"end":{"line":101,"column":3}},"type":"binary-expr","locations":[{"start":{"line":85,"column":22},"end":{"line":85,"column":30}},{"start":{"line":85,"column":34},"end":{"line":101,"column":3}}],"line":85},"1":{"loc":{"start":{"line":164,"column":4},"end":{"line":166,"column":21}},"type":"cond-expr","locations":[{"start":{"line":165,"column":8},"end":{"line":165,"column":59}},{"start":{"line":166,"column":8},"end":{"line":166,"column":21}}],"line":164},"2":{"loc":{"start":{"line":168,"column":28},"end":{"line":168,"column":71}},"type":"cond-expr","locations":[{"start":{"line":168,"column":52},"end":{"line":168,"column":59}},{"start":{"line":168,"column":62},"end":{"line":168,"column":71}}],"line":168},"3":{"loc":{"start":{"line":170,"column":4},"end":{"line":170,"column":56}},"type":"cond-expr","locations":[{"start":{"line":170,"column":28},"end":{"line":170,"column":34}},{"start":{"line":170,"column":37},"end":{"line":170,"column":56}}],"line":170},"4":{"loc":{"start":{"line":415,"column":21},"end":{"line":415,"column":55}},"type":"cond-expr","locations":[{"start":{"line":415,"column":30},"end":{"line":415,"column":50}},{"start":{"line":415,"column":53},"end":{"line":415,"column":55}}],"line":415},"5":{"loc":{"start":{"line":423,"column":25},"end":{"line":423,"column":59}},"type":"cond-expr","locations":[{"start":{"line":423,"column":34},"end":{"line":423,"column":54}},{"start":{"line":423,"column":57},"end":{"line":423,"column":59}}],"line":423},"6":{"loc":{"start":{"line":497,"column":21},"end":{"line":497,"column":55}},"type":"cond-expr","locations":[{"start":{"line":497,"column":30},"end":{"line":497,"column":50}},{"start":{"line":497,"column":53},"end":{"line":497,"column":55}}],"line":497},"7":{"loc":{"start":{"line":504,"column":25},"end":{"line":504,"column":59}},"type":"cond-expr","locations":[{"start":{"line":504,"column":34},"end":{"line":504,"column":54}},{"start":{"line":504,"column":57},"end":{"line":504,"column":59}}],"line":504},"8":{"loc":{"start":{"line":534,"column":21},"end":{"line":534,"column":55}},"type":"cond-expr","locations":[{"start":{"line":534,"column":30},"end":{"line":534,"column":50}},{"start":{"line":534,"column":53},"end":{"line":534,"column":55}}],"line":534}},"s":{"0":0,"1":0,"2":0,"3":0,"4":0,"5":0,"6":0,"7":0,"8":0,"9":0,"10":0,"11":0,"12":0,"13":0,"14":0,"15":0,"16":0,"17":0,"18":0,"19":0,"20":0,"21":0,"22":0,"23":0,"24":0,"25":0,"26":0,"27":0,"28":0,"29":0,"30":0,"31":0,"32":0,"33":0,"34":0,"35":0,"36":0,"37":0,"38":0,"39":0},"f":{"0":0,"1":0,"2":0,"3":0,"4":0,"5":0,"6":0,"7":0,"8":0,"9":0},"b":{"0":[0,0],"1":[0,0],"2":[0,0],"3":[0,0],"4":[0,0],"5":[0,0],"6":[0,0],"7":[0,0],"8":[0,0]}}
,"/home/jakunzler/Documents/GitHub/mundo_precisa_pai/sistemas/web/src/styles/GlobalStyles.js": {"path":"/home/jakunzler/Documents/GitHub/mundo_precisa_pai/sistemas/web/src/styles/GlobalStyles.js","statementMap":{"0":{"start":{"line":3,"column":28},"end":{"line":338,"column":1}}},"fnMap":{},"branchMap":{},"s":{"0":0},"f":{},"b":{}}
}
