TN:
SF:src/App.js
FN:13,App
FNF:1
FNH:1
FNDA:2,App
DA:14,2
LF:1
LH:1
BRF:0
BRH:0
end_of_record
TN:
SF:src/index.js
FNF:0
FNH:0
DA:9,0
DA:11,0
LF:2
LH:0
BRF:0
BRH:0
end_of_record
TN:
SF:src/components/Footer.js
FN:131,(anonymous_0)
FNF:1
FNH:0
FNDA:0,(anonymous_0)
DA:16,0
DA:26,0
DA:35,0
DA:49,0
DA:68,0
DA:82,0
DA:88,0
DA:106,0
DA:114,0
DA:131,0
DA:132,0
DA:134,0
LF:12
LH:0
BRF:0
BRH:0
end_of_record
TN:
SF:src/components/Header.js
FN:16,(anonymous_0)
FN:21,(anonymous_1)
FN:73,(anonymous_2)
FN:88,(anonymous_3)
FN:172,(anonymous_4)
FN:177,(anonymous_5)
FN:178,(anonymous_6)
FN:183,(anonymous_7)
FN:193,(anonymous_8)
FN:204,(anonymous_9)
FN:219,(anonymous_10)
FN:235,(anonymous_11)
FN:241,(anonymous_12)
FN:247,(anonymous_13)
FN:255,(anonymous_14)
FNF:15
FNH:0
FNDA:0,(anonymous_0)
FNDA:0,(anonymous_1)
FNDA:0,(anonymous_2)
FNDA:0,(anonymous_3)
FNDA:0,(anonymous_4)
FNDA:0,(anonymous_5)
FNDA:0,(anonymous_6)
FNDA:0,(anonymous_7)
FNDA:0,(anonymous_8)
FNDA:0,(anonymous_9)
FNDA:0,(anonymous_10)
FNDA:0,(anonymous_11)
FNDA:0,(anonymous_12)
FNDA:0,(anonymous_13)
FNDA:0,(anonymous_14)
DA:7,0
DA:9,0
DA:17,0
DA:22,0
DA:25,0
DA:39,0
DA:61,0
DA:71,0
DA:73,0
DA:88,0
DA:99,0
DA:112,0
DA:128,0
DA:141,0
DA:152,0
DA:172,0
DA:173,0
DA:174,0
DA:175,0
DA:177,0
DA:178,0
DA:179,0
DA:182,0
DA:183,0
DA:186,0
DA:193,0
DA:195,0
DA:205,0
DA:219,0
DA:235,0
DA:242,0
DA:243,0
DA:247,0
DA:255,0
LF:34
LH:0
BRDA:17,0,0,0
BRDA:17,0,1,0
BRDA:22,1,0,0
BRDA:22,1,1,0
BRDA:73,2,0,0
BRDA:73,2,1,0
BRDA:88,3,0,0
BRDA:88,3,1,0
BRDA:227,4,0,0
BRDA:227,4,1,0
BRF:10
BRH:0
end_of_record
TN:
SF:src/components/ScrollToTop.js
FN:4,(anonymous_0)
FN:7,(anonymous_1)
FNF:2
FNH:2
FNDA:2,(anonymous_0)
FNDA:2,(anonymous_1)
DA:4,1
DA:5,2
DA:7,2
DA:8,2
DA:11,2
LF:5
LH:5
BRF:0
BRH:0
end_of_record
TN:
SF:src/pages/About.js
FN:290,(anonymous_0)
FN:437,(anonymous_1)
FN:473,(anonymous_2)
FN:512,(anonymous_3)
FNF:4
FNH:0
FNDA:0,(anonymous_0)
FNDA:0,(anonymous_1)
FNDA:0,(anonymous_2)
FNDA:0,(anonymous_3)
DA:15,0
DA:19,0
DA:29,0
DA:48,0
DA:54,0
DA:62,0
DA:74,0
DA:96,0
DA:108,0
DA:115,0
DA:145,0
DA:149,0
DA:155,0
DA:192,0
DA:196,0
DA:217,0
DA:261,0
DA:290,0
DA:291,0
DA:296,0
DA:319,0
DA:337,0
DA:365,0
DA:438,0
DA:474,0
DA:513,0
LF:26
LH:0
BRDA:394,0,0,0
BRDA:394,0,1,0
BRDA:434,1,0,0
BRDA:434,1,1,0
BRDA:441,2,0,0
BRDA:441,2,1,0
BRDA:470,3,0,0
BRDA:470,3,1,0
BRDA:477,4,0,0
BRDA:477,4,1,0
BRDA:509,5,0,0
BRDA:509,5,1,0
BRDA:515,6,0,0
BRDA:515,6,1,0
BRDA:516,7,0,0
BRDA:516,7,1,0
BRF:16
BRH:0
end_of_record
TN:
SF:src/pages/Cowork.js
FN:255,(anonymous_0)
FN:326,(anonymous_1)
FN:380,(anonymous_2)
FN:391,(anonymous_3)
FN:431,(anonymous_4)
FNF:5
FNH:0
FNDA:0,(anonymous_0)
FNDA:0,(anonymous_1)
FNDA:0,(anonymous_2)
FNDA:0,(anonymous_3)
FNDA:0,(anonymous_4)
DA:17,0
DA:21,0
DA:31,0
DA:50,0
DA:56,0
DA:64,0
DA:71,0
DA:101,0
DA:107,0
DA:121,0
DA:140,0
DA:144,0
DA:150,0
DA:175,0
DA:180,0
DA:187,0
DA:193,0
DA:198,0
DA:211,0
DA:224,0
DA:239,0
DA:255,0
DA:256,0
DA:261,0
DA:308,0
DA:326,0
DA:327,0
DA:329,0
DA:332,0
DA:381,0
DA:392,0
DA:432,0
LF:32
LH:0
BRDA:377,0,0,0
BRDA:377,0,1,0
BRDA:384,1,0,0
BRDA:384,1,1,0
BRDA:428,2,0,0
BRDA:428,2,1,0
BRDA:435,3,0,0
BRDA:435,3,1,0
BRDA:465,4,0,0
BRDA:465,4,1,0
BRF:10
BRH:0
end_of_record
TN:
SF:src/pages/Home.js
FN:208,(anonymous_0)
FN:325,(anonymous_1)
FN:354,(anonymous_2)
FN:389,(anonymous_3)
FNF:4
FNH:0
FNDA:0,(anonymous_0)
FNDA:0,(anonymous_1)
FNDA:0,(anonymous_2)
FNDA:0,(anonymous_3)
DA:17,0
DA:21,0
DA:31,0
DA:37,0
DA:45,0
DA:64,0
DA:71,0
DA:101,0
DA:105,0
DA:111,0
DA:130,0
DA:134,0
DA:140,0
DA:152,0
DA:162,0
DA:176,0
DA:189,0
DA:208,0
DA:209,0
DA:214,0
DA:237,0
DA:244,0
DA:268,0
DA:326,0
DA:355,0
DA:390,0
LF:26
LH:0
BRDA:322,0,0,0
BRDA:322,0,1,0
BRDA:329,1,0,0
BRDA:329,1,1,0
BRDA:351,2,0,0
BRDA:351,2,1,0
BRDA:358,3,0,0
BRDA:358,3,1,0
BRDA:386,4,0,0
BRDA:386,4,1,0
BRDA:393,5,0,0
BRDA:393,5,1,0
BRF:12
BRH:0
end_of_record
TN:
SF:src/pages/LandingPage.js
FN:153,(anonymous_0)
FN:260,(anonymous_1)
FNF:2
FNH:0
FNDA:0,(anonymous_0)
FNDA:0,(anonymous_1)
DA:8,0
DA:31,0
DA:42,0
DA:58,0
DA:71,0
DA:92,0
DA:102,0
DA:134,0
DA:144,0
DA:153,0
DA:154,0
DA:177,0
DA:261,0
LF:13
LH:0
BRF:0
BRH:0
end_of_record
TN:
SF:src/pages/Sponsorship.js
FN:84,(anonymous_0)
FN:113,(anonymous_1)
FN:162,(anonymous_2)
FN:167,(anonymous_3)
FN:168,(anonymous_4)
FN:286,(anonymous_5)
FN:363,(anonymous_6)
FN:417,(anonymous_7)
FN:434,(anonymous_8)
FN:474,(anonymous_9)
FNF:10
FNH:0
FNDA:0,(anonymous_0)
FNDA:0,(anonymous_1)
FNDA:0,(anonymous_2)
FNDA:0,(anonymous_3)
FNDA:0,(anonymous_4)
FNDA:0,(anonymous_5)
FNDA:0,(anonymous_6)
FNDA:0,(anonymous_7)
FNDA:0,(anonymous_8)
FNDA:0,(anonymous_9)
DA:16,0
DA:20,0
DA:30,0
DA:49,0
DA:55,0
DA:63,0
DA:70,0
DA:84,0
DA:103,0
DA:113,0
DA:116,0
DA:122,0
DA:134,0
DA:140,0
DA:147,0
DA:161,0
DA:163,0
DA:167,0
DA:169,0
DA:184,0
DA:188,0
DA:194,0
DA:219,0
DA:224,0
DA:231,0
DA:237,0
DA:242,0
DA:255,0
DA:270,0
DA:286,0
DA:287,0
DA:292,0
DA:345,0
DA:363,0
DA:364,0
DA:366,0
DA:369,0
DA:418,0
DA:435,0
DA:475,0
LF:40
LH:0
BRDA:84,0,0,0
BRDA:84,0,1,0
BRDA:163,1,0,0
BRDA:163,1,1,0
BRDA:167,2,0,0
BRDA:167,2,1,0
BRDA:169,3,0,0
BRDA:169,3,1,0
BRDA:414,4,0,0
BRDA:414,4,1,0
BRDA:422,5,0,0
BRDA:422,5,1,0
BRDA:471,6,0,0
BRDA:471,6,1,0
BRDA:478,7,0,0
BRDA:478,7,1,0
BRDA:508,8,0,0
BRDA:508,8,1,0
BRF:18
BRH:0
end_of_record
TN:
SF:src/styles/GlobalStyles.js
FNF:0
FNH:0
DA:3,0
LF:1
LH:0
BRF:0
BRH:0
end_of_record
