TN:
SF:src/App.js
FN:19,App
FNF:1
FNH:1
FNDA:3,App
DA:20,3
LF:1
LH:1
BRF:0
BRH:0
end_of_record
TN:
SF:src/index.js
FNF:0
FNH:0
DA:9,0
DA:11,0
LF:2
LH:0
BRF:0
BRH:0
end_of_record
TN:
SF:src/components/ContactForm.js
FN:180,(anonymous_0)
FN:191,(anonymous_1)
FNF:2
FNH:0
FNDA:0,(anonymous_0)
FNDA:0,(anonymous_1)
DA:10,0
DA:30,0
DA:41,0
DA:49,0
DA:57,0
DA:84,0
DA:115,0
DA:122,0
DA:156,0
DA:168,0
DA:180,0
DA:181,0
DA:182,0
DA:189,0
DA:191,0
DA:192,0
DA:193,0
DA:195,0
DA:197,0
DA:206,0
DA:209,0
DA:213,0
DA:220,0
DA:221,0
DA:222,0
DA:223,0
DA:225,0
DA:228,0
DA:229,0
DA:231,0
DA:232,0
DA:234,0
DA:237,0
DA:241,0
LF:34
LH:0
BRDA:180,0,0,0
BRDA:180,1,0,0
BRDA:206,2,0,0
BRDA:206,2,1,0
BRDA:206,3,0,0
BRDA:206,3,1,0
BRDA:206,3,2,0
BRDA:220,4,0,0
BRDA:220,4,1,0
BRDA:231,5,0,0
BRDA:231,5,1,0
BRDA:245,6,0,0
BRDA:245,6,1,0
BRDA:245,6,2,0
BRDA:255,7,0,0
BRDA:255,7,1,0
BRDA:275,8,0,0
BRDA:275,8,1,0
BRDA:278,9,0,0
BRDA:278,9,1,0
BRDA:293,10,0,0
BRDA:293,10,1,0
BRDA:296,11,0,0
BRDA:296,11,1,0
BRDA:307,12,0,0
BRDA:307,12,1,0
BRDA:310,13,0,0
BRDA:310,13,1,0
BRDA:319,14,0,0
BRDA:319,14,1,0
BRF:30
BRH:0
end_of_record
TN:
SF:src/components/FloatingContributionButton.js
FN:87,(anonymous_0)
FN:90,(anonymous_1)
FN:91,(anonymous_2)
FN:119,(anonymous_3)
FNF:4
FNH:1
FNDA:3,(anonymous_0)
FNDA:0,(anonymous_1)
FNDA:0,(anonymous_2)
FNDA:0,(anonymous_3)
DA:7,1
DA:40,1
DA:54,1
DA:64,1
DA:87,1
DA:88,3
DA:90,2
DA:91,2
DA:93,2
DA:119,0
LF:10
LH:9
BRDA:108,0,0,2
BRDA:108,0,1,0
BRF:2
BRH:1
end_of_record
TN:
SF:src/components/Footer.js
FN:189,(anonymous_0)
FNF:1
FNH:0
FNDA:0,(anonymous_0)
DA:16,0
DA:30,0
DA:51,0
DA:71,0
DA:97,0
DA:118,0
DA:128,0
DA:151,0
DA:167,0
DA:189,0
DA:190,0
DA:192,0
LF:12
LH:0
BRF:0
BRH:0
end_of_record
TN:
SF:src/components/Header.js
FN:16,(anonymous_0)
FN:21,(anonymous_1)
FN:98,(anonymous_2)
FN:115,(anonymous_3)
FN:283,(anonymous_4)
FN:288,(anonymous_5)
FN:289,(anonymous_6)
FN:294,(anonymous_7)
FN:298,(anonymous_8)
FN:303,(anonymous_9)
FN:310,(anonymous_10)
FN:323,(anonymous_11)
FN:325,(anonymous_12)
FN:338,(anonymous_13)
FN:353,(anonymous_14)
FN:385,(anonymous_15)
FNF:16
FNH:0
FNDA:0,(anonymous_0)
FNDA:0,(anonymous_1)
FNDA:0,(anonymous_2)
FNDA:0,(anonymous_3)
FNDA:0,(anonymous_4)
FNDA:0,(anonymous_5)
FNDA:0,(anonymous_6)
FNDA:0,(anonymous_7)
FNDA:0,(anonymous_8)
FNDA:0,(anonymous_9)
FNDA:0,(anonymous_10)
FNDA:0,(anonymous_11)
FNDA:0,(anonymous_12)
FNDA:0,(anonymous_13)
FNDA:0,(anonymous_14)
FNDA:0,(anonymous_15)
DA:7,0
DA:9,0
DA:17,0
DA:22,0
DA:25,0
DA:47,0
DA:80,0
DA:86,0
DA:96,0
DA:98,0
DA:115,0
DA:126,0
DA:146,0
DA:162,0
DA:183,0
DA:212,0
DA:246,0
DA:268,0
DA:283,0
DA:284,0
DA:285,0
DA:286,0
DA:288,0
DA:289,0
DA:290,0
DA:293,0
DA:294,0
DA:298,0
DA:299,0
DA:303,0
DA:304,0
DA:305,0
DA:307,0
DA:310,0
DA:311,0
DA:315,0
DA:323,0
DA:325,0
DA:326,0
DA:329,0
DA:339,0
DA:353,0
DA:386,0
DA:387,0
LF:44
LH:0
BRDA:17,0,0,0
BRDA:17,0,1,0
BRDA:22,1,0,0
BRDA:22,1,1,0
BRDA:98,2,0,0
BRDA:98,2,1,0
BRDA:115,3,0,0
BRDA:115,3,1,0
BRDA:304,4,0,0
BRDA:304,4,1,0
BRDA:361,5,0,0
BRDA:361,5,1,0
BRF:12
BRH:0
end_of_record
TN:
SF:src/components/PixContributionWidget.js
FN:259,(anonymous_0)
FN:275,(anonymous_1)
FN:280,(anonymous_2)
FN:283,(anonymous_3)
FN:291,(anonymous_4)
FN:308,(anonymous_5)
FN:309,(anonymous_6)
FN:329,(anonymous_7)
FN:343,(anonymous_8)
FN:398,(anonymous_9)
FN:412,(anonymous_10)
FN:446,(anonymous_11)
FNF:12
FNH:0
FNDA:0,(anonymous_0)
FNDA:0,(anonymous_1)
FNDA:0,(anonymous_2)
FNDA:0,(anonymous_3)
FNDA:0,(anonymous_4)
FNDA:0,(anonymous_5)
FNDA:0,(anonymous_6)
FNDA:0,(anonymous_7)
FNDA:0,(anonymous_8)
FNDA:0,(anonymous_9)
FNDA:0,(anonymous_10)
FNDA:0,(anonymous_11)
DA:7,1
DA:21,1
DA:29,1
DA:35,1
DA:40,1
DA:46,1
DA:59,1
DA:64,1
DA:75,1
DA:80,1
DA:86,1
DA:109,1
DA:119,1
DA:153,1
DA:167,1
DA:177,1
DA:185,1
DA:190,1
DA:194,1
DA:216,1
DA:220,1
DA:230,1
DA:243,1
DA:247,1
DA:253,1
DA:259,1
DA:265,0
DA:266,0
DA:267,0
DA:269,0
DA:275,0
DA:276,0
DA:277,0
DA:278,0
DA:279,0
DA:280,0
DA:282,0
DA:283,0
DA:285,0
DA:287,0
DA:291,0
DA:292,0
DA:293,0
DA:294,0
DA:304,0
DA:308,0
DA:309,0
DA:311,0
DA:312,0
DA:329,0
DA:343,0
DA:367,0
DA:398,0
DA:412,0
DA:446,0
LF:55
LH:26
BRDA:260,0,0,0
BRDA:261,1,0,0
BRDA:262,2,0,0
BRDA:263,3,0,0
BRDA:278,4,0,0
BRDA:278,4,1,0
BRDA:285,5,0,0
BRDA:285,5,1,0
BRDA:292,6,0,0
BRDA:292,6,1,0
BRDA:311,7,0,0
BRDA:311,7,1,0
BRDA:330,8,0,0
BRDA:330,8,1,0
BRDA:332,9,0,0
BRDA:332,9,1,0
BRDA:333,10,0,0
BRDA:333,10,1,0
BRDA:344,11,0,0
BRDA:344,11,1,0
BRDA:346,12,0,0
BRDA:346,12,1,0
BRDA:347,13,0,0
BRDA:347,13,1,0
BRDA:379,14,0,0
BRDA:379,14,1,0
BRDA:399,15,0,0
BRDA:399,15,1,0
BRDA:401,16,0,0
BRDA:401,16,1,0
BRDA:402,17,0,0
BRDA:402,17,1,0
BRDA:413,18,0,0
BRDA:413,18,1,0
BRDA:415,19,0,0
BRDA:415,19,1,0
BRDA:416,20,0,0
BRDA:416,20,1,0
BRDA:435,21,0,0
BRDA:435,21,1,0
BRF:40
BRH:0
end_of_record
TN:
SF:src/components/ScrollToTop.js
FN:4,(anonymous_0)
FN:7,(anonymous_1)
FNF:2
FNH:2
FNDA:2,(anonymous_0)
FNDA:2,(anonymous_1)
DA:4,1
DA:5,2
DA:7,2
DA:8,2
DA:11,2
LF:5
LH:5
BRF:0
BRH:0
end_of_record
TN:
SF:src/config/emailjs.js
FNF:0
FNH:0
DA:8,0
LF:1
LH:0
BRF:0
BRH:0
end_of_record
TN:
SF:src/pages/About.js
FN:290,(anonymous_0)
FN:437,(anonymous_1)
FN:473,(anonymous_2)
FN:512,(anonymous_3)
FNF:4
FNH:0
FNDA:0,(anonymous_0)
FNDA:0,(anonymous_1)
FNDA:0,(anonymous_2)
FNDA:0,(anonymous_3)
DA:15,0
DA:19,0
DA:29,0
DA:48,0
DA:54,0
DA:62,0
DA:74,0
DA:96,0
DA:108,0
DA:115,0
DA:145,0
DA:149,0
DA:155,0
DA:192,0
DA:196,0
DA:217,0
DA:261,0
DA:290,0
DA:291,0
DA:296,0
DA:319,0
DA:337,0
DA:365,0
DA:438,0
DA:474,0
DA:513,0
LF:26
LH:0
BRDA:394,0,0,0
BRDA:394,0,1,0
BRDA:434,1,0,0
BRDA:434,1,1,0
BRDA:441,2,0,0
BRDA:441,2,1,0
BRDA:470,3,0,0
BRDA:470,3,1,0
BRDA:477,4,0,0
BRDA:477,4,1,0
BRDA:509,5,0,0
BRDA:509,5,1,0
BRDA:515,6,0,0
BRDA:515,6,1,0
BRDA:516,7,0,0
BRDA:516,7,1,0
BRF:16
BRH:0
end_of_record
TN:
SF:src/pages/Bibliography.js
FN:93,(anonymous_0)
FN:94,(anonymous_1)
FN:276,(anonymous_2)
FN:362,(anonymous_3)
FN:397,(anonymous_4)
FN:402,(anonymous_5)
FN:406,(anonymous_6)
FN:415,(anonymous_7)
FN:449,(anonymous_8)
FNF:9
FNH:0
FNDA:0,(anonymous_0)
FNDA:0,(anonymous_1)
FNDA:0,(anonymous_2)
FNDA:0,(anonymous_3)
FNDA:0,(anonymous_4)
FNDA:0,(anonymous_5)
FNDA:0,(anonymous_6)
FNDA:0,(anonymous_7)
FNDA:0,(anonymous_8)
DA:15,1
DA:21,1
DA:27,1
DA:32,1
DA:39,1
DA:47,1
DA:55,1
DA:65,1
DA:80,1
DA:90,1
DA:93,0
DA:94,0
DA:107,1
DA:114,1
DA:128,1
DA:135,1
DA:148,1
DA:152,1
DA:159,1
DA:165,1
DA:172,1
DA:180,1
DA:186,1
DA:193,1
DA:202,1
DA:211,1
DA:245,1
DA:253,1
DA:260,1
DA:264,1
DA:271,1
DA:276,1
DA:277,0
DA:278,0
DA:279,0
DA:281,0
DA:362,0
DA:363,0
DA:364,0
DA:367,0
DA:370,0
DA:397,0
DA:403,0
DA:406,0
DA:416,0
DA:450,0
LF:46
LH:30
BRDA:93,0,0,0
BRDA:93,0,1,0
BRDA:94,1,0,0
BRDA:94,1,1,0
BRDA:363,2,0,0
BRDA:363,2,1,0
BRDA:364,3,0,0
BRDA:364,3,1,0
BRDA:364,3,2,0
BRDA:367,4,0,0
BRDA:367,4,1,0
BRF:11
BRH:0
end_of_record
TN:
SF:src/pages/Community.js
FN:97,(anonymous_0)
FN:98,(anonymous_1)
FN:413,(anonymous_2)
FN:528,(anonymous_3)
FN:535,(anonymous_4)
FN:584,(anonymous_5)
FN:589,(anonymous_6)
FN:593,(anonymous_7)
FN:602,(anonymous_8)
FN:602,(anonymous_9)
FN:634,(anonymous_10)
FN:676,(anonymous_11)
FNF:12
FNH:0
FNDA:0,(anonymous_0)
FNDA:0,(anonymous_1)
FNDA:0,(anonymous_2)
FNDA:0,(anonymous_3)
FNDA:0,(anonymous_4)
FNDA:0,(anonymous_5)
FNDA:0,(anonymous_6)
FNDA:0,(anonymous_7)
FNDA:0,(anonymous_8)
FNDA:0,(anonymous_9)
FNDA:0,(anonymous_10)
FNDA:0,(anonymous_11)
DA:19,1
DA:25,1
DA:31,1
DA:37,1
DA:43,1
DA:51,1
DA:59,1
DA:69,1
DA:84,1
DA:94,1
DA:97,0
DA:98,0
DA:111,1
DA:118,1
DA:132,1
DA:140,1
DA:153,1
DA:159,1
DA:165,1
DA:169,1
DA:176,1
DA:183,1
DA:190,1
DA:195,1
DA:202,1
DA:211,1
DA:220,1
DA:266,1
DA:274,1
DA:281,1
DA:291,1
DA:296,1
DA:302,1
DA:311,1
DA:319,1
DA:326,1
DA:332,1
DA:345,1
DA:352,1
DA:364,1
DA:368,1
DA:375,1
DA:382,1
DA:390,1
DA:397,1
DA:401,1
DA:408,1
DA:413,1
DA:414,0
DA:415,0
DA:416,0
DA:418,0
DA:493,0
DA:528,0
DA:529,0
DA:530,0
DA:532,0
DA:535,0
DA:537,0
DA:584,0
DA:590,0
DA:593,0
DA:602,0
DA:603,0
DA:635,0
DA:677,0
LF:66
LH:46
BRDA:97,0,0,0
BRDA:97,0,1,0
BRDA:98,1,0,0
BRDA:98,1,1,0
BRDA:529,2,0,0
BRDA:529,2,1,0
BRDA:530,3,0,0
BRDA:530,3,1,0
BRDA:532,4,0,0
BRDA:532,4,1,0
BRDA:558,5,0,0
BRDA:558,5,1,0
BRF:12
BRH:0
end_of_record
TN:
SF:src/pages/Contact.js
FN:200,(anonymous_0)
FN:263,(anonymous_1)
FNF:2
FNH:0
FNDA:0,(anonymous_0)
FNDA:0,(anonymous_1)
DA:14,0
DA:31,0
DA:36,0
DA:49,0
DA:56,0
DA:64,0
DA:82,0
DA:98,0
DA:105,0
DA:126,0
DA:143,0
DA:147,0
DA:154,0
DA:160,0
DA:176,0
DA:183,0
DA:200,0
DA:201,0
DA:228,0
DA:264,0
DA:265,0
LF:21
LH:0
BRDA:272,0,0,0
BRDA:272,0,1,0
BRF:2
BRH:0
end_of_record
TN:
SF:src/pages/Cowork.js
FN:256,(anonymous_0)
FN:327,(anonymous_1)
FN:381,(anonymous_2)
FN:392,(anonymous_3)
FN:457,(anonymous_4)
FNF:5
FNH:0
FNDA:0,(anonymous_0)
FNDA:0,(anonymous_1)
FNDA:0,(anonymous_2)
FNDA:0,(anonymous_3)
FNDA:0,(anonymous_4)
DA:18,0
DA:22,0
DA:32,0
DA:51,0
DA:57,0
DA:65,0
DA:72,0
DA:102,0
DA:108,0
DA:122,0
DA:141,0
DA:145,0
DA:151,0
DA:176,0
DA:181,0
DA:188,0
DA:194,0
DA:199,0
DA:212,0
DA:225,0
DA:240,0
DA:256,0
DA:257,0
DA:262,0
DA:309,0
DA:327,0
DA:328,0
DA:330,0
DA:333,0
DA:382,0
DA:393,0
DA:458,0
LF:32
LH:0
BRDA:378,0,0,0
BRDA:378,0,1,0
BRDA:385,1,0,0
BRDA:385,1,1,0
BRDA:454,2,0,0
BRDA:454,2,1,0
BRDA:461,3,0,0
BRDA:461,3,1,0
BRDA:491,4,0,0
BRDA:491,4,1,0
BRF:10
BRH:0
end_of_record
TN:
SF:src/pages/Events.js
FN:92,(anonymous_0)
FN:93,(anonymous_1)
FN:142,(anonymous_2)
FN:348,(anonymous_3)
FN:440,(anonymous_4)
FN:448,(anonymous_5)
FN:497,(anonymous_6)
FN:502,(anonymous_7)
FN:506,(anonymous_8)
FN:515,(anonymous_9)
FN:515,(anonymous_10)
FN:553,(anonymous_11)
FNF:12
FNH:0
FNDA:0,(anonymous_0)
FNDA:0,(anonymous_1)
FNDA:0,(anonymous_2)
FNDA:0,(anonymous_3)
FNDA:0,(anonymous_4)
FNDA:0,(anonymous_5)
FNDA:0,(anonymous_6)
FNDA:0,(anonymous_7)
FNDA:0,(anonymous_8)
FNDA:0,(anonymous_9)
FNDA:0,(anonymous_10)
FNDA:0,(anonymous_11)
DA:14,1
DA:20,1
DA:26,1
DA:32,1
DA:38,1
DA:46,1
DA:54,1
DA:64,1
DA:79,1
DA:89,1
DA:92,0
DA:93,0
DA:106,1
DA:113,1
DA:127,1
DA:138,1
DA:143,0
DA:144,0
DA:145,0
DA:146,0
DA:156,1
DA:160,1
DA:168,1
DA:174,1
DA:181,1
DA:189,1
DA:196,1
DA:205,1
DA:215,1
DA:261,1
DA:269,1
DA:276,1
DA:297,1
DA:302,1
DA:308,1
DA:317,1
DA:325,1
DA:332,1
DA:336,1
DA:343,1
DA:348,1
DA:349,0
DA:350,0
DA:351,0
DA:353,0
DA:440,0
DA:441,0
DA:442,0
DA:445,0
DA:448,0
DA:450,0
DA:497,0
DA:503,0
DA:506,0
DA:515,0
DA:516,0
DA:554,0
LF:57
LH:35
BRDA:92,0,0,0
BRDA:92,0,1,0
BRDA:93,1,0,0
BRDA:93,1,1,0
BRDA:143,2,0,0
BRDA:143,2,1,0
BRDA:144,3,0,0
BRDA:144,3,1,0
BRDA:145,4,0,0
BRDA:145,4,1,0
BRDA:441,5,0,0
BRDA:441,5,1,0
BRDA:442,6,0,0
BRDA:442,6,1,0
BRDA:442,6,2,0
BRDA:445,7,0,0
BRDA:445,7,1,0
BRDA:471,8,0,0
BRDA:471,8,1,0
BRF:19
BRH:0
end_of_record
TN:
SF:src/pages/Home.js
FN:208,(anonymous_0)
FN:307,(anonymous_1)
FN:336,(anonymous_2)
FN:365,(anonymous_3)
FN:417,(anonymous_4)
FNF:5
FNH:0
FNDA:0,(anonymous_0)
FNDA:0,(anonymous_1)
FNDA:0,(anonymous_2)
FNDA:0,(anonymous_3)
FNDA:0,(anonymous_4)
DA:17,0
DA:21,0
DA:31,0
DA:37,0
DA:45,0
DA:64,0
DA:71,0
DA:101,0
DA:105,0
DA:111,0
DA:130,0
DA:134,0
DA:140,0
DA:152,0
DA:162,0
DA:176,0
DA:189,0
DA:208,0
DA:209,0
DA:214,0
DA:247,0
DA:254,0
DA:278,0
DA:307,0
DA:337,0
DA:366,0
DA:418,0
LF:27
LH:0
BRDA:333,0,0,0
BRDA:333,0,1,0
BRDA:340,1,0,0
BRDA:340,1,1,0
BRDA:362,2,0,0
BRDA:362,2,1,0
BRDA:369,3,0,0
BRDA:369,3,1,0
BRDA:414,4,0,0
BRDA:414,4,1,0
BRDA:421,5,0,0
BRDA:421,5,1,0
BRDA:436,6,0,0
BRDA:436,6,1,0
BRF:14
BRH:0
end_of_record
TN:
SF:src/pages/LandingPage.js
FN:212,(anonymous_0)
FN:329,(anonymous_1)
FNF:2
FNH:0
FNDA:0,(anonymous_0)
FNDA:0,(anonymous_1)
DA:18,0
DA:49,0
DA:69,0
DA:85,0
DA:103,0
DA:130,0
DA:152,0
DA:189,0
DA:199,0
DA:212,0
DA:213,0
DA:246,0
DA:330,0
LF:13
LH:0
BRF:0
BRH:0
end_of_record
TN:
SF:src/pages/Mentoring.js
FN:93,(anonymous_0)
FN:94,(anonymous_1)
FN:363,(anonymous_2)
FN:438,(anonymous_3)
FN:446,(anonymous_4)
FN:495,(anonymous_5)
FN:500,(anonymous_6)
FN:504,(anonymous_7)
FN:513,(anonymous_8)
FN:513,(anonymous_9)
FN:538,(anonymous_10)
FNF:11
FNH:0
FNDA:0,(anonymous_0)
FNDA:0,(anonymous_1)
FNDA:0,(anonymous_2)
FNDA:0,(anonymous_3)
FNDA:0,(anonymous_4)
FNDA:0,(anonymous_5)
FNDA:0,(anonymous_6)
FNDA:0,(anonymous_7)
FNDA:0,(anonymous_8)
FNDA:0,(anonymous_9)
FNDA:0,(anonymous_10)
DA:15,1
DA:21,1
DA:27,1
DA:33,1
DA:39,1
DA:47,1
DA:55,1
DA:65,1
DA:80,1
DA:90,1
DA:93,0
DA:94,0
DA:107,1
DA:114,1
DA:128,1
DA:136,1
DA:149,1
DA:155,1
DA:161,1
DA:170,1
DA:174,1
DA:180,1
DA:184,1
DA:191,1
DA:197,1
DA:206,1
DA:213,1
DA:220,1
DA:227,1
DA:232,1
DA:241,1
DA:287,1
DA:295,1
DA:302,1
DA:312,1
DA:317,1
DA:323,1
DA:332,1
DA:340,1
DA:347,1
DA:351,1
DA:358,1
DA:363,1
DA:364,0
DA:365,0
DA:366,0
DA:368,0
DA:438,0
DA:439,0
DA:440,0
DA:443,0
DA:446,0
DA:448,0
DA:495,0
DA:501,0
DA:504,0
DA:513,0
DA:514,0
DA:539,0
LF:59
LH:41
BRDA:93,0,0,0
BRDA:93,0,1,0
BRDA:94,1,0,0
BRDA:94,1,1,0
BRDA:439,2,0,0
BRDA:439,2,1,0
BRDA:440,3,0,0
BRDA:440,3,1,0
BRDA:440,3,2,0
BRDA:443,4,0,0
BRDA:443,4,1,0
BRDA:469,5,0,0
BRDA:469,5,1,0
BRDA:554,6,0,0
BRDA:554,6,1,0
BRF:15
BRH:0
end_of_record
TN:
SF:src/pages/Sponsorship.js
FN:85,(anonymous_0)
FN:114,(anonymous_1)
FN:163,(anonymous_2)
FN:168,(anonymous_3)
FN:169,(anonymous_4)
FN:287,(anonymous_5)
FN:364,(anonymous_6)
FN:418,(anonymous_7)
FN:435,(anonymous_8)
FN:500,(anonymous_9)
FNF:10
FNH:0
FNDA:0,(anonymous_0)
FNDA:0,(anonymous_1)
FNDA:0,(anonymous_2)
FNDA:0,(anonymous_3)
FNDA:0,(anonymous_4)
FNDA:0,(anonymous_5)
FNDA:0,(anonymous_6)
FNDA:0,(anonymous_7)
FNDA:0,(anonymous_8)
FNDA:0,(anonymous_9)
DA:17,0
DA:21,0
DA:31,0
DA:50,0
DA:56,0
DA:64,0
DA:71,0
DA:85,0
DA:104,0
DA:114,0
DA:117,0
DA:123,0
DA:135,0
DA:141,0
DA:148,0
DA:162,0
DA:164,0
DA:168,0
DA:170,0
DA:185,0
DA:189,0
DA:195,0
DA:220,0
DA:225,0
DA:232,0
DA:238,0
DA:243,0
DA:256,0
DA:271,0
DA:287,0
DA:288,0
DA:293,0
DA:346,0
DA:364,0
DA:365,0
DA:367,0
DA:370,0
DA:419,0
DA:436,0
DA:501,0
LF:40
LH:0
BRDA:85,0,0,0
BRDA:85,0,1,0
BRDA:164,1,0,0
BRDA:164,1,1,0
BRDA:168,2,0,0
BRDA:168,2,1,0
BRDA:170,3,0,0
BRDA:170,3,1,0
BRDA:415,4,0,0
BRDA:415,4,1,0
BRDA:423,5,0,0
BRDA:423,5,1,0
BRDA:497,6,0,0
BRDA:497,6,1,0
BRDA:504,7,0,0
BRDA:504,7,1,0
BRDA:534,8,0,0
BRDA:534,8,1,0
BRF:18
BRH:0
end_of_record
TN:
SF:src/styles/GlobalStyles.js
FNF:0
FNH:0
DA:3,0
LF:1
LH:0
BRF:0
BRH:0
end_of_record
